Analysis & Synthesis report for uart
Wed Jun 11 23:35:40 2025
Quartus II 64-Bit Version 13.0.1 Build 232 06/12/2013 Service Pack 1 SJ Web Edition


---------------------
; Table of Contents ;
---------------------
  1. Legal Notice
  2. Analysis & Synthesis Summary
  3. Analysis & Synthesis Settings
  4. Parallel Compilation
  5. Analysis & Synthesis Source Files Read
  6. Analysis & Synthesis Resource Usage Summary
  7. Analysis & Synthesis Resource Utilization by Entity
  8. Registers Removed During Synthesis
  9. General Register Statistics
 10. Inverted Register Statistics
 11. Multiplexer Restructuring Statistics (Restructuring Performed)
 12. Port Connectivity Checks: "top_module:uart_core|uart_tx:tx_unit"
 13. Port Connectivity Checks: "top_module:uart_core"
 14. Elapsed Time Per Partition
 15. Analysis & Synthesis Messages
 16. Analysis & Synthesis Suppressed Messages



----------------
; Legal Notice ;
----------------
Copyright (C) 1991-2013 Altera Corporation
Your use of Altera Corporation's design tools, logic functions 
and other software and tools, and its AMPP partner logic 
functions, and any output files from any of the foregoing 
(including device programming or simulation files), and any 
associated documentation or information are expressly subject 
to the terms and conditions of the Altera Program License 
Subscription Agreement, Altera MegaCore Function License 
Agreement, or other applicable license agreement, including, 
without limitation, that your use is for the sole purpose of 
programming logic devices manufactured by Altera and sold by 
Altera or its authorized distributors.  Please refer to the 
applicable agreement for further details.



+--------------------------------------------------------------------------------------+
; Analysis & Synthesis Summary                                                         ;
+------------------------------------+-------------------------------------------------+
; Analysis & Synthesis Status        ; Successful - Wed Jun 11 23:35:40 2025           ;
; Quartus II 64-Bit Version          ; 13.0.1 Build 232 06/12/2013 SP 1 SJ Web Edition ;
; Revision Name                      ; uart                                            ;
; Top-level Entity Name              ; uart_avalon                                     ;
; Family                             ; Cyclone II                                      ;
; Total logic elements               ; 181                                             ;
;     Total combinational functions  ; 150                                             ;
;     Dedicated logic registers      ; 89                                              ;
; Total registers                    ; 89                                              ;
; Total pins                         ; 74                                              ;
; Total virtual pins                 ; 0                                               ;
; Total memory bits                  ; 0                                               ;
; Embedded Multiplier 9-bit elements ; 0                                               ;
; Total PLLs                         ; 0                                               ;
+------------------------------------+-------------------------------------------------+


+----------------------------------------------------------------------------------------------------------------------+
; Analysis & Synthesis Settings                                                                                        ;
+----------------------------------------------------------------------------+--------------------+--------------------+
; Option                                                                     ; Setting            ; Default Value      ;
+----------------------------------------------------------------------------+--------------------+--------------------+
; Device                                                                     ; EP2C35F672C6       ;                    ;
; Top-level entity name                                                      ; uart_avalon        ; uart               ;
; Family name                                                                ; Cyclone II         ; Cyclone IV GX      ;
; Use smart compilation                                                      ; Off                ; Off                ;
; Enable parallel Assembler and TimeQuest Timing Analyzer during compilation ; On                 ; On                 ;
; Enable compact report table                                                ; Off                ; Off                ;
; Restructure Multiplexers                                                   ; Auto               ; Auto               ;
; Create Debugging Nodes for IP Cores                                        ; Off                ; Off                ;
; Preserve fewer node names                                                  ; On                 ; On                 ;
; Disable OpenCore Plus hardware evaluation                                  ; Off                ; Off                ;
; Verilog Version                                                            ; Verilog_2001       ; Verilog_2001       ;
; VHDL Version                                                               ; VHDL_1993          ; VHDL_1993          ;
; State Machine Processing                                                   ; Auto               ; Auto               ;
; Safe State Machine                                                         ; Off                ; Off                ;
; Extract Verilog State Machines                                             ; On                 ; On                 ;
; Extract VHDL State Machines                                                ; On                 ; On                 ;
; Ignore Verilog initial constructs                                          ; Off                ; Off                ;
; Iteration limit for constant Verilog loops                                 ; 5000               ; 5000               ;
; Iteration limit for non-constant Verilog loops                             ; 250                ; 250                ;
; Add Pass-Through Logic to Inferred RAMs                                    ; On                 ; On                 ;
; Infer RAMs from Raw Logic                                                  ; On                 ; On                 ;
; Parallel Synthesis                                                         ; On                 ; On                 ;
; DSP Block Balancing                                                        ; Auto               ; Auto               ;
; NOT Gate Push-Back                                                         ; On                 ; On                 ;
; Power-Up Don't Care                                                        ; On                 ; On                 ;
; Remove Redundant Logic Cells                                               ; Off                ; Off                ;
; Remove Duplicate Registers                                                 ; On                 ; On                 ;
; Ignore CARRY Buffers                                                       ; Off                ; Off                ;
; Ignore CASCADE Buffers                                                     ; Off                ; Off                ;
; Ignore GLOBAL Buffers                                                      ; Off                ; Off                ;
; Ignore ROW GLOBAL Buffers                                                  ; Off                ; Off                ;
; Ignore LCELL Buffers                                                       ; Off                ; Off                ;
; Ignore SOFT Buffers                                                        ; On                 ; On                 ;
; Limit AHDL Integers to 32 Bits                                             ; Off                ; Off                ;
; Optimization Technique                                                     ; Balanced           ; Balanced           ;
; Carry Chain Length                                                         ; 70                 ; 70                 ;
; Auto Carry Chains                                                          ; On                 ; On                 ;
; Auto Open-Drain Pins                                                       ; On                 ; On                 ;
; Perform WYSIWYG Primitive Resynthesis                                      ; Off                ; Off                ;
; Auto ROM Replacement                                                       ; On                 ; On                 ;
; Auto RAM Replacement                                                       ; On                 ; On                 ;
; Auto Shift Register Replacement                                            ; Auto               ; Auto               ;
; Allow Shift Register Merging across Hierarchies                            ; Auto               ; Auto               ;
; Auto Clock Enable Replacement                                              ; On                 ; On                 ;
; Strict RAM Replacement                                                     ; Off                ; Off                ;
; Allow Synchronous Control Signals                                          ; On                 ; On                 ;
; Force Use of Synchronous Clear Signals                                     ; Off                ; Off                ;
; Auto RAM to Logic Cell Conversion                                          ; Off                ; Off                ;
; Auto Resource Sharing                                                      ; Off                ; Off                ;
; Allow Any RAM Size For Recognition                                         ; Off                ; Off                ;
; Allow Any ROM Size For Recognition                                         ; Off                ; Off                ;
; Allow Any Shift Register Size For Recognition                              ; Off                ; Off                ;
; Use LogicLock Constraints during Resource Balancing                        ; On                 ; On                 ;
; Ignore translate_off and synthesis_off directives                          ; Off                ; Off                ;
; Timing-Driven Synthesis                                                    ; Off                ; Off                ;
; Report Parameter Settings                                                  ; On                 ; On                 ;
; Report Source Assignments                                                  ; On                 ; On                 ;
; Report Connectivity Checks                                                 ; On                 ; On                 ;
; Ignore Maximum Fan-Out Assignments                                         ; Off                ; Off                ;
; Synchronization Register Chain Length                                      ; 2                  ; 2                  ;
; PowerPlay Power Optimization                                               ; Normal compilation ; Normal compilation ;
; HDL message level                                                          ; Level2             ; Level2             ;
; Suppress Register Optimization Related Messages                            ; Off                ; Off                ;
; Number of Removed Registers Reported in Synthesis Report                   ; 5000               ; 5000               ;
; Number of Swept Nodes Reported in Synthesis Report                         ; 5000               ; 5000               ;
; Number of Inverted Registers Reported in Synthesis Report                  ; 100                ; 100                ;
; Clock MUX Protection                                                       ; On                 ; On                 ;
; Auto Gated Clock Conversion                                                ; Off                ; Off                ;
; Block Design Naming                                                        ; Auto               ; Auto               ;
; SDC constraint protection                                                  ; Off                ; Off                ;
; Synthesis Effort                                                           ; Auto               ; Auto               ;
; Shift Register Replacement - Allow Asynchronous Clear Signal               ; On                 ; On                 ;
; Pre-Mapping Resynthesis Optimization                                       ; Off                ; Off                ;
; Analysis & Synthesis Message Level                                         ; Medium             ; Medium             ;
; Disable Register Merging Across Hierarchies                                ; Auto               ; Auto               ;
; Resource Aware Inference For Block RAM                                     ; On                 ; On                 ;
; Synthesis Seed                                                             ; 1                  ; 1                  ;
+----------------------------------------------------------------------------+--------------------+--------------------+


Parallel compilation was disabled, but you have multiple processors available. Enable parallel compilation to reduce compilation time.
+-------------------------------------+
; Parallel Compilation                ;
+----------------------------+--------+
; Processors                 ; Number ;
+----------------------------+--------+
; Number detected on machine ; 12     ;
; Maximum allowed            ; 1      ;
+----------------------------+--------+


+---------------------------------------------------------------------------------------------------------------------------+
; Analysis & Synthesis Source Files Read                                                                                    ;
+----------------------------------+-----------------+------------------------+-----------------------------------+---------+
; File Name with User-Entered Path ; Used in Netlist ; File Type              ; File Name with Absolute Path      ; Library ;
+----------------------------------+-----------------+------------------------+-----------------------------------+---------+
; uart_avalon.v                    ; yes             ; User Verilog HDL File  ; D:/SoC/uart/uart_avalon.v         ;         ;
; top_module.v                     ; yes             ; User Verilog HDL File  ; D:/SoC/uart/top_module.v          ;         ;
; baud_rate_generator.v            ; yes             ; User Verilog HDL File  ; D:/SoC/uart/baud_rate_generator.v ;         ;
; uart_tx.v                        ; yes             ; User Verilog HDL File  ; D:/SoC/uart/uart_tx.v             ;         ;
; uart_rx.v                        ; yes             ; User Verilog HDL File  ; D:/SoC/uart/uart_rx.v             ;         ;
; hamming_decoder.v                ; yes             ; User Verilog HDL File  ; D:/SoC/uart/hamming_decoder.v     ;         ;
; encoder.v                        ; yes             ; User Verilog HDL File  ; D:/SoC/uart/encoder.v             ;         ;
+----------------------------------+-----------------+------------------------+-----------------------------------+---------+


+-----------------------------------------------------+
; Analysis & Synthesis Resource Usage Summary         ;
+---------------------------------------------+-------+
; Resource                                    ; Usage ;
+---------------------------------------------+-------+
; Estimated Total logic elements              ; 181   ;
;                                             ;       ;
; Total combinational functions               ; 150   ;
; Logic element usage by number of LUT inputs ;       ;
;     -- 4 input functions                    ; 88    ;
;     -- 3 input functions                    ; 29    ;
;     -- <=2 input functions                  ; 33    ;
;                                             ;       ;
; Logic elements by mode                      ;       ;
;     -- normal mode                          ; 129   ;
;     -- arithmetic mode                      ; 21    ;
;                                             ;       ;
; Total registers                             ; 89    ;
;     -- Dedicated logic registers            ; 89    ;
;     -- I/O registers                        ; 0     ;
;                                             ;       ;
; I/O pins                                    ; 74    ;
; Embedded Multiplier 9-bit elements          ; 0     ;
; Maximum fan-out node                        ; reset ;
; Maximum fan-out                             ; 79    ;
; Total fan-out                               ; 866   ;
; Average fan-out                             ; 2.77  ;
+---------------------------------------------+-------+


+-------------------------------------------------------------------------------------------------------------------------------------------------------------------------------------------------------------------------------------------+
; Analysis & Synthesis Resource Utilization by Entity                                                                                                                                                                                       ;
+--------------------------------------+-------------------+--------------+-------------+--------------+---------+-----------+------+--------------+-------------------------------------------------------------------------+--------------+
; Compilation Hierarchy Node           ; LC Combinationals ; LC Registers ; Memory Bits ; DSP Elements ; DSP 9x9 ; DSP 18x18 ; Pins ; Virtual Pins ; Full Hierarchy Name                                                     ; Library Name ;
+--------------------------------------+-------------------+--------------+-------------+--------------+---------+-----------+------+--------------+-------------------------------------------------------------------------+--------------+
; |uart_avalon                         ; 150 (25)          ; 89 (23)      ; 0           ; 0            ; 0       ; 0         ; 74   ; 0            ; |uart_avalon                                                            ; work         ;
;    |top_module:uart_core|            ; 125 (0)           ; 66 (0)       ; 0           ; 0            ; 0       ; 0         ; 0    ; 0            ; |uart_avalon|top_module:uart_core                                       ; work         ;
;       |baud_rate_generator:baud_gen| ; 45 (45)           ; 17 (17)      ; 0           ; 0            ; 0       ; 0         ; 0    ; 0            ; |uart_avalon|top_module:uart_core|baud_rate_generator:baud_gen          ; work         ;
;       |uart_rx:rx_unit|              ; 46 (38)           ; 33 (33)      ; 0           ; 0            ; 0       ; 0         ; 0    ; 0            ; |uart_avalon|top_module:uart_core|uart_rx:rx_unit                       ; work         ;
;          |hamming_decoder:h_dec|     ; 8 (8)             ; 0 (0)        ; 0           ; 0            ; 0       ; 0         ; 0    ; 0            ; |uart_avalon|top_module:uart_core|uart_rx:rx_unit|hamming_decoder:h_dec ; work         ;
;       |uart_tx:tx_unit|              ; 34 (34)           ; 16 (16)      ; 0           ; 0            ; 0       ; 0         ; 0    ; 0            ; |uart_avalon|top_module:uart_core|uart_tx:tx_unit                       ; work         ;
+--------------------------------------+-------------------+--------------+-------------+--------------+---------+-----------+------+--------------+-------------------------------------------------------------------------+--------------+
Note: For table entries with two numbers listed, the numbers in parentheses indicate the number of resources of the given type used by the specific entity alone. The numbers listed outside of parentheses indicate the total resources of the given type used by the specific entity and all of its sub-entities in the hierarchy.


+------------------------------------------------------------------------------------------------+
; Registers Removed During Synthesis                                                             ;
+-------------------------------------------------------+----------------------------------------+
; Register name                                         ; Reason for Removal                     ;
+-------------------------------------------------------+----------------------------------------+
; readdata[31]~reg0                                     ; Stuck at GND due to stuck port data_in ;
; readdata[30]~reg0                                     ; Stuck at GND due to stuck port data_in ;
; readdata[29]~reg0                                     ; Stuck at GND due to stuck port data_in ;
; readdata[28]~reg0                                     ; Stuck at GND due to stuck port data_in ;
; readdata[27]~reg0                                     ; Stuck at GND due to stuck port data_in ;
; readdata[26]~reg0                                     ; Stuck at GND due to stuck port data_in ;
; readdata[25]~reg0                                     ; Stuck at GND due to stuck port data_in ;
; readdata[24]~reg0                                     ; Stuck at GND due to stuck port data_in ;
; readdata[23]~reg0                                     ; Stuck at GND due to stuck port data_in ;
; readdata[22]~reg0                                     ; Stuck at GND due to stuck port data_in ;
; readdata[21]~reg0                                     ; Stuck at GND due to stuck port data_in ;
; readdata[20]~reg0                                     ; Stuck at GND due to stuck port data_in ;
; readdata[19]~reg0                                     ; Stuck at GND due to stuck port data_in ;
; readdata[18]~reg0                                     ; Stuck at GND due to stuck port data_in ;
; readdata[17]~reg0                                     ; Stuck at GND due to stuck port data_in ;
; readdata[16]~reg0                                     ; Stuck at GND due to stuck port data_in ;
; readdata[15]~reg0                                     ; Stuck at GND due to stuck port data_in ;
; readdata[14]~reg0                                     ; Stuck at GND due to stuck port data_in ;
; readdata[13]~reg0                                     ; Stuck at GND due to stuck port data_in ;
; readdata[12]~reg0                                     ; Stuck at GND due to stuck port data_in ;
; readdata[11]~reg0                                     ; Stuck at GND due to stuck port data_in ;
; readdata[10]~reg0                                     ; Stuck at GND due to stuck port data_in ;
; readdata[9]~reg0                                      ; Stuck at GND due to stuck port data_in ;
; readdata[8]~reg0                                      ; Stuck at GND due to stuck port data_in ;
; top_module:uart_core|uart_rx:rx_unit|frame_error~en   ; Lost fanout                            ;
; top_module:uart_core|uart_rx:rx_unit|shift_reg[1]~en  ; Lost fanout                            ;
; top_module:uart_core|uart_rx:rx_unit|shift_reg[2]~en  ; Lost fanout                            ;
; top_module:uart_core|uart_rx:rx_unit|shift_reg[3]~en  ; Lost fanout                            ;
; top_module:uart_core|uart_rx:rx_unit|shift_reg[4]~en  ; Lost fanout                            ;
; top_module:uart_core|uart_rx:rx_unit|shift_reg[5]~en  ; Lost fanout                            ;
; top_module:uart_core|uart_rx:rx_unit|shift_reg[6]~en  ; Lost fanout                            ;
; top_module:uart_core|uart_rx:rx_unit|shift_reg[7]~en  ; Lost fanout                            ;
; top_module:uart_core|uart_rx:rx_unit|shift_reg[8]~en  ; Lost fanout                            ;
; top_module:uart_core|uart_rx:rx_unit|shift_reg[9]~en  ; Lost fanout                            ;
; top_module:uart_core|uart_rx:rx_unit|shift_reg[10]~en ; Lost fanout                            ;
; top_module:uart_core|uart_rx:rx_unit|pe_valid         ; Lost fanout                            ;
; top_module:uart_core|uart_tx:tx_unit|shift_reg[10]    ; Stuck at VCC due to stuck port data_in ;
; Total Number of Removed Registers = 37                ;                                        ;
+-------------------------------------------------------+----------------------------------------+


+------------------------------------------------------+
; General Register Statistics                          ;
+----------------------------------------------+-------+
; Statistic                                    ; Value ;
+----------------------------------------------+-------+
; Total registers                              ; 89    ;
; Number of registers using Synchronous Clear  ; 24    ;
; Number of registers using Synchronous Load   ; 4     ;
; Number of registers using Asynchronous Clear ; 78    ;
; Number of registers using Asynchronous Load  ; 0     ;
; Number of registers using Clock Enable       ; 69    ;
; Number of registers using Preset             ; 0     ;
+----------------------------------------------+-------+


+-------------------------------------------------------------+
; Inverted Register Statistics                                ;
+---------------------------------------------------+---------+
; Inverted Register                                 ; Fan out ;
+---------------------------------------------------+---------+
; top_module:uart_core|uart_tx:tx_unit|shift_reg[0] ; 2       ;
; dwl_reg[0]                                        ; 12      ;
; top_module:uart_core|uart_tx:tx_unit|txrdy        ; 2       ;
; dwl_reg[1]                                        ; 15      ;
; top_module:uart_core|uart_tx:tx_unit|shift_reg[1] ; 1       ;
; top_module:uart_core|uart_tx:tx_unit|shift_reg[2] ; 1       ;
; top_module:uart_core|uart_tx:tx_unit|shift_reg[3] ; 1       ;
; top_module:uart_core|uart_tx:tx_unit|shift_reg[4] ; 1       ;
; top_module:uart_core|uart_tx:tx_unit|shift_reg[5] ; 2       ;
; top_module:uart_core|uart_tx:tx_unit|shift_reg[6] ; 2       ;
; top_module:uart_core|uart_tx:tx_unit|shift_reg[7] ; 2       ;
; top_module:uart_core|uart_tx:tx_unit|shift_reg[8] ; 2       ;
; top_module:uart_core|uart_tx:tx_unit|shift_reg[9] ; 2       ;
; Total number of inverted registers = 13           ;         ;
+---------------------------------------------------+---------+


+----------------------------------------------------------------------------------------------------------------------------------------------------------------------------------------------+
; Multiplexer Restructuring Statistics (Restructuring Performed)                                                                                                                               ;
+--------------------+-----------+---------------+----------------------+------------------------+------------+--------------------------------------------------------------------------------+
; Multiplexer Inputs ; Bus Width ; Baseline Area ; Area if Restructured ; Saving if Restructured ; Registered ; Example Multiplexer Output                                                     ;
+--------------------+-----------+---------------+----------------------+------------------------+------------+--------------------------------------------------------------------------------+
; 3:1                ; 2 bits    ; 4 LEs         ; 4 LEs                ; 0 LEs                  ; Yes        ; |uart_avalon|top_module:uart_core|uart_rx:rx_unit|data_buffer[4]               ;
; 16:1               ; 3 bits    ; 30 LEs        ; 9 LEs                ; 21 LEs                 ; Yes        ; |uart_avalon|readdata[1]~reg0                                                  ;
; 18:1               ; 2 bits    ; 24 LEs        ; 8 LEs                ; 16 LEs                 ; Yes        ; |uart_avalon|readdata[5]~reg0                                                  ;
; 16:1               ; 16 bits   ; 160 LEs       ; 16 LEs               ; 144 LEs                ; Yes        ; |uart_avalon|top_module:uart_core|baud_rate_generator:baud_gen|baud_counter[3] ;
; 3:1                ; 4 bits    ; 8 LEs         ; 4 LEs                ; 4 LEs                  ; Yes        ; |uart_avalon|top_module:uart_core|uart_tx:tx_unit|shift_reg[1]                 ;
+--------------------+-----------+---------------+----------------------+------------------------+------------+--------------------------------------------------------------------------------+


+-------------------------------------------------------------------------------------------------------------------------+
; Port Connectivity Checks: "top_module:uart_core|uart_tx:tx_unit"                                                        ;
+---------------+--------+----------+-------------------------------------------------------------------------------------+
; Port          ; Type   ; Severity ; Details                                                                             ;
+---------------+--------+----------+-------------------------------------------------------------------------------------+
; shift_reg_out ; Output ; Info     ; Connected to dangling logic. Logic that only feeds a dangling port will be removed. ;
+---------------+--------+----------+-------------------------------------------------------------------------------------+


+----------------------------------------------------------------------------------------------------------------+
; Port Connectivity Checks: "top_module:uart_core"                                                               ;
+------+--------+----------+-------------------------------------------------------------------------------------+
; Port ; Type   ; Severity ; Details                                                                             ;
+------+--------+----------+-------------------------------------------------------------------------------------+
; oe   ; Output ; Info     ; Connected to dangling logic. Logic that only feeds a dangling port will be removed. ;
+------+--------+----------+-------------------------------------------------------------------------------------+


+-------------------------------+
; Elapsed Time Per Partition    ;
+----------------+--------------+
; Partition Name ; Elapsed Time ;
+----------------+--------------+
; Top            ; 00:00:00     ;
+----------------+--------------+


+-------------------------------+
; Analysis & Synthesis Messages ;
+-------------------------------+
Info: *******************************************************************
Info: Running Quartus II 64-Bit Analysis & Synthesis
    Info: Version 13.0.1 Build 232 06/12/2013 Service Pack 1 SJ Web Edition
    Info: Processing started: Wed Jun 11 23:35:38 2025
Info: Command: quartus_map --read_settings_files=on --write_settings_files=off uart -c uart
Warning (20028): Parallel compilation is not licensed and has been disabled
Info (12021): Found 1 design units, including 1 entities, in source file system1/synthesis/system1.v
    Info (12023): Found entity 1: system1
Info (12021): Found 1 design units, including 1 entities, in source file system1/synthesis/system1.v
    Info (12023): Found entity 1: system1
Info (12021): Found 1 design units, including 1 entities, in source file system1/synthesis/submodules/system1_irq_mapper.sv
    Info (12023): Found entity 1: system1_irq_mapper
Info (12021): Found 2 design units, including 2 entities, in source file system1/synthesis/submodules/altera_merlin_arbitrator.sv
    Info (12023): Found entity 1: altera_merlin_arbitrator
    Info (12023): Found entity 2: altera_merlin_arb_adder
Info (12021): Found 1 design units, including 1 entities, in source file system1/synthesis/submodules/system1_rsp_xbar_mux.sv
    Info (12023): Found entity 1: system1_rsp_xbar_mux
Info (12021): Found 1 design units, including 1 entities, in source file system1/synthesis/submodules/system1_rsp_xbar_demux.sv
    Info (12023): Found entity 1: system1_rsp_xbar_demux
Info (12021): Found 1 design units, including 1 entities, in source file system1/synthesis/submodules/system1_cmd_xbar_mux.sv
    Info (12023): Found entity 1: system1_cmd_xbar_mux
Info (12021): Found 1 design units, including 1 entities, in source file system1/synthesis/submodules/system1_cmd_xbar_demux.sv
    Info (12023): Found entity 1: system1_cmd_xbar_demux
Info (12021): Found 1 design units, including 1 entities, in source file system1/synthesis/submodules/altera_reset_controller.v
    Info (12023): Found entity 1: altera_reset_controller
Info (12021): Found 1 design units, including 1 entities, in source file system1/synthesis/submodules/altera_reset_synchronizer.v
    Info (12023): Found entity 1: altera_reset_synchronizer
Info (12021): Found 2 design units, including 2 entities, in source file system1/synthesis/submodules/system1_id_router.sv
    Info (12023): Found entity 1: system1_id_router_default_decode
    Info (12023): Found entity 2: system1_id_router
Info (12021): Found 2 design units, including 2 entities, in source file system1/synthesis/submodules/system1_addr_router.sv
    Info (12023): Found entity 1: system1_addr_router_default_decode
    Info (12023): Found entity 2: system1_addr_router
Info (12021): Found 1 design units, including 1 entities, in source file system1/synthesis/submodules/altera_avalon_sc_fifo.v
    Info (12023): Found entity 1: altera_avalon_sc_fifo
Info (12021): Found 1 design units, including 1 entities, in source file system1/synthesis/submodules/altera_merlin_slave_agent.sv
    Info (12023): Found entity 1: altera_merlin_slave_agent
Info (12021): Found 1 design units, including 1 entities, in source file system1/synthesis/submodules/altera_merlin_burst_uncompressor.sv
    Info (12023): Found entity 1: altera_merlin_burst_uncompressor
Info (12021): Found 1 design units, including 1 entities, in source file system1/synthesis/submodules/altera_merlin_master_agent.sv
    Info (12023): Found entity 1: altera_merlin_master_agent
Info (12021): Found 1 design units, including 1 entities, in source file system1/synthesis/submodules/altera_merlin_slave_translator.sv
    Info (12023): Found entity 1: altera_merlin_slave_translator
Info (12021): Found 1 design units, including 1 entities, in source file system1/synthesis/submodules/altera_merlin_master_translator.sv
    Info (12023): Found entity 1: altera_merlin_master_translator
Info (12021): Found 0 design units, including 0 entities, in source file system1/synthesis/submodules/uart_avalon.v
Info (12021): Found 5 design units, including 5 entities, in source file system1/synthesis/submodules/system1_jtag_uart_0.v
    Info (12023): Found entity 1: system1_jtag_uart_0_sim_scfifo_w
    Info (12023): Found entity 2: system1_jtag_uart_0_scfifo_w
    Info (12023): Found entity 3: system1_jtag_uart_0_sim_scfifo_r
    Info (12023): Found entity 4: system1_jtag_uart_0_scfifo_r
    Info (12023): Found entity 5: system1_jtag_uart_0
Info (12021): Found 21 design units, including 21 entities, in source file system1/synthesis/submodules/system1_nios2_qsys_0.v
    Info (12023): Found entity 1: system1_nios2_qsys_0_register_bank_a_module
    Info (12023): Found entity 2: system1_nios2_qsys_0_register_bank_b_module
    Info (12023): Found entity 3: system1_nios2_qsys_0_nios2_oci_debug
    Info (12023): Found entity 4: system1_nios2_qsys_0_ociram_sp_ram_module
    Info (12023): Found entity 5: system1_nios2_qsys_0_nios2_ocimem
    Info (12023): Found entity 6: system1_nios2_qsys_0_nios2_avalon_reg
    Info (12023): Found entity 7: system1_nios2_qsys_0_nios2_oci_break
    Info (12023): Found entity 8: system1_nios2_qsys_0_nios2_oci_xbrk
    Info (12023): Found entity 9: system1_nios2_qsys_0_nios2_oci_dbrk
    Info (12023): Found entity 10: system1_nios2_qsys_0_nios2_oci_itrace
    Info (12023): Found entity 11: system1_nios2_qsys_0_nios2_oci_td_mode
    Info (12023): Found entity 12: system1_nios2_qsys_0_nios2_oci_dtrace
    Info (12023): Found entity 13: system1_nios2_qsys_0_nios2_oci_compute_tm_count
    Info (12023): Found entity 14: system1_nios2_qsys_0_nios2_oci_fifowp_inc
    Info (12023): Found entity 15: system1_nios2_qsys_0_nios2_oci_fifocount_inc
    Info (12023): Found entity 16: system1_nios2_qsys_0_nios2_oci_fifo
    Info (12023): Found entity 17: system1_nios2_qsys_0_nios2_oci_pib
    Info (12023): Found entity 18: system1_nios2_qsys_0_nios2_oci_im
    Info (12023): Found entity 19: system1_nios2_qsys_0_nios2_performance_monitors
    Info (12023): Found entity 20: system1_nios2_qsys_0_nios2_oci
    Info (12023): Found entity 21: system1_nios2_qsys_0
Info (12021): Found 1 design units, including 1 entities, in source file system1/synthesis/submodules/system1_nios2_qsys_0_jtag_debug_module_sysclk.v
    Info (12023): Found entity 1: system1_nios2_qsys_0_jtag_debug_module_sysclk
Info (12021): Found 1 design units, including 1 entities, in source file system1/synthesis/submodules/system1_nios2_qsys_0_jtag_debug_module_tck.v
    Info (12023): Found entity 1: system1_nios2_qsys_0_jtag_debug_module_tck
Info (12021): Found 1 design units, including 1 entities, in source file system1/synthesis/submodules/system1_nios2_qsys_0_jtag_debug_module_wrapper.v
    Info (12023): Found entity 1: system1_nios2_qsys_0_jtag_debug_module_wrapper
Info (12021): Found 1 design units, including 1 entities, in source file system1/synthesis/submodules/system1_nios2_qsys_0_oci_test_bench.v
    Info (12023): Found entity 1: system1_nios2_qsys_0_oci_test_bench
Info (12021): Found 1 design units, including 1 entities, in source file system1/synthesis/submodules/system1_nios2_qsys_0_test_bench.v
    Info (12023): Found entity 1: system1_nios2_qsys_0_test_bench
Info (12021): Found 1 design units, including 1 entities, in source file system1/synthesis/submodules/system1_onchip_memory2_0.v
    Info (12023): Found entity 1: system1_onchip_memory2_0
Info (12021): Found 1 design units, including 1 entities, in source file uart_test.v
    Info (12023): Found entity 1: uart_test
Info (12021): Found 1 design units, including 1 entities, in source file uart_avalon.v
    Info (12023): Found entity 1: uart_avalon
Info (12021): Found 1 design units, including 1 entities, in source file top_module.v
    Info (12023): Found entity 1: top_module
Info (12021): Found 1 design units, including 1 entities, in source file baud_rate_generator.v
    Info (12023): Found entity 1: baud_rate_generator
Info (12021): Found 1 design units, including 1 entities, in source file uart_tx.v
    Info (12023): Found entity 1: uart_tx
Info (12021): Found 1 design units, including 1 entities, in source file uart_rx.v
    Info (12023): Found entity 1: uart_rx
Info (12021): Found 1 design units, including 1 entities, in source file hamming_decoder.v
    Info (12023): Found entity 1: hamming_decoder
Info (12021): Found 1 design units, including 1 entities, in source file encoder.v
    Info (12023): Found entity 1: encoder
Warning (10236): Verilog HDL Implicit Net warning at encoder.v(15): created implicit net for "h0"
Warning (10236): Verilog HDL Implicit Net warning at encoder.v(16): created implicit net for "h1"
Warning (10236): Verilog HDL Implicit Net warning at encoder.v(17): created implicit net for "h2"
Warning (10236): Verilog HDL Implicit Net warning at encoder.v(18): created implicit net for "h3"
Warning (10037): Verilog HDL or VHDL warning at system1_nios2_qsys_0.v(1567): conditional expression evaluates to a constant
Warning (10037): Verilog HDL or VHDL warning at system1_nios2_qsys_0.v(1569): conditional expression evaluates to a constant
Warning (10037): Verilog HDL or VHDL warning at system1_nios2_qsys_0.v(1725): conditional expression evaluates to a constant
Warning (10037): Verilog HDL or VHDL warning at system1_nios2_qsys_0.v(2553): conditional expression evaluates to a constant
Info (12127): Elaborating entity "uart_avalon" for the top level hierarchy
Info (12128): Elaborating entity "top_module" for hierarchy "top_module:uart_core"
Info (12128): Elaborating entity "baud_rate_generator" for hierarchy "top_module:uart_core|baud_rate_generator:baud_gen"
Warning (10230): Verilog HDL assignment warning at baud_rate_generator.v(19): truncated value with size 32 to match size of target (16)
Warning (10230): Verilog HDL assignment warning at baud_rate_generator.v(22): truncated value with size 32 to match size of target (16)
Warning (10230): Verilog HDL assignment warning at baud_rate_generator.v(25): truncated value with size 32 to match size of target (16)
Warning (10230): Verilog HDL assignment warning at baud_rate_generator.v(28): truncated value with size 32 to match size of target (16)
Warning (10230): Verilog HDL assignment warning at baud_rate_generator.v(31): truncated value with size 32 to match size of target (16)
Warning (10230): Verilog HDL assignment warning at baud_rate_generator.v(34): truncated value with size 32 to match size of target (16)
Warning (10230): Verilog HDL assignment warning at baud_rate_generator.v(37): truncated value with size 32 to match size of target (16)
Warning (10230): Verilog HDL assignment warning at baud_rate_generator.v(40): truncated value with size 32 to match size of target (16)
Warning (10230): Verilog HDL assignment warning at baud_rate_generator.v(43): truncated value with size 32 to match size of target (16)
Info (12128): Elaborating entity "uart_tx" for hierarchy "top_module:uart_core|uart_tx:tx_unit"
Warning (10230): Verilog HDL assignment warning at uart_tx.v(52): truncated value with size 32 to match size of target (4)
Info (12128): Elaborating entity "encoder" for hierarchy "top_module:uart_core|uart_tx:tx_unit|encoder:h_enc"
Info (12128): Elaborating entity "uart_rx" for hierarchy "top_module:uart_core|uart_rx:rx_unit"
Warning (10230): Verilog HDL assignment warning at uart_rx.v(68): truncated value with size 32 to match size of target (4)
Warning (10230): Verilog HDL assignment warning at uart_rx.v(71): truncated value with size 32 to match size of target (4)
Info (12128): Elaborating entity "hamming_decoder" for hierarchy "top_module:uart_core|uart_rx:rx_unit|hamming_decoder:h_dec"
Warning (13046): Tri-state node(s) do not directly drive top-level pin(s)
    Warning (13049): Converted tri-state buffer "top_module:uart_core|uart_rx:rx_unit|PE" feeding internal logic into a wire
    Warning (13049): Converted tri-state buffer "top_module:uart_core|uart_rx:rx_unit|FE" feeding internal logic into a wire
    Warning (13049): Converted tri-state buffer "top_module:uart_core|uart_rx:rx_unit|hamming_input[0]" feeding internal logic into a wire
    Warning (13049): Converted tri-state buffer "top_module:uart_core|uart_rx:rx_unit|hamming_input[1]" feeding internal logic into a wire
    Warning (13049): Converted tri-state buffer "top_module:uart_core|uart_rx:rx_unit|hamming_input[2]" feeding internal logic into a wire
    Warning (13049): Converted tri-state buffer "top_module:uart_core|uart_rx:rx_unit|hamming_input[3]" feeding internal logic into a wire
    Warning (13049): Converted tri-state buffer "top_module:uart_core|uart_rx:rx_unit|hamming_input[4]" feeding internal logic into a wire
    Warning (13049): Converted tri-state buffer "top_module:uart_core|uart_rx:rx_unit|hamming_input[5]" feeding internal logic into a wire
    Warning (13049): Converted tri-state buffer "top_module:uart_core|uart_rx:rx_unit|hamming_input[6]" feeding internal logic into a wire
    Warning (13049): Converted tri-state buffer "top_module:uart_core|uart_rx:rx_unit|hamming_input[7]" feeding internal logic into a wire
    Warning (13049): Converted tri-state buffer "top_module:uart_core|uart_rx:rx_unit|shift_reg[9]~0" feeding internal logic into a wire
    Warning (13049): Converted tri-state buffer "top_module:uart_core|uart_rx:rx_unit|shift_reg[10]~1" feeding internal logic into a wire
Info (13000): Registers with preset signals will power-up high
Info (13003): DEV_CLRn pin will set, and not reset, register with preset signal due to NOT Gate Push-Back
Warning (13024): Output pins are stuck at VCC or GND
    Warning (13410): Pin "readdata[8]" is stuck at GND
    Warning (13410): Pin "readdata[9]" is stuck at GND
    Warning (13410): Pin "readdata[10]" is stuck at GND
    Warning (13410): Pin "readdata[11]" is stuck at GND
    Warning (13410): Pin "readdata[12]" is stuck at GND
    Warning (13410): Pin "readdata[13]" is stuck at GND
    Warning (13410): Pin "readdata[14]" is stuck at GND
    Warning (13410): Pin "readdata[15]" is stuck at GND
    Warning (13410): Pin "readdata[16]" is stuck at GND
    Warning (13410): Pin "readdata[17]" is stuck at GND
    Warning (13410): Pin "readdata[18]" is stuck at GND
    Warning (13410): Pin "readdata[19]" is stuck at GND
    Warning (13410): Pin "readdata[20]" is stuck at GND
    Warning (13410): Pin "readdata[21]" is stuck at GND
    Warning (13410): Pin "readdata[22]" is stuck at GND
    Warning (13410): Pin "readdata[23]" is stuck at GND
    Warning (13410): Pin "readdata[24]" is stuck at GND
    Warning (13410): Pin "readdata[25]" is stuck at GND
    Warning (13410): Pin "readdata[26]" is stuck at GND
    Warning (13410): Pin "readdata[27]" is stuck at GND
    Warning (13410): Pin "readdata[28]" is stuck at GND
    Warning (13410): Pin "readdata[29]" is stuck at GND
    Warning (13410): Pin "readdata[30]" is stuck at GND
    Warning (13410): Pin "readdata[31]" is stuck at GND
Info (17049): 12 registers lost all their fanouts during netlist optimizations.
Warning (20013): Ignored assignments for entity "altera_avalon_sc_fifo" -- entity does not exist in design
    Warning (20014): Assignment for entity set_global_assignment -name IP_TOOL_NAME altera_avalon_sc_fifo -entity altera_avalon_sc_fifo -qip system1/synthesis/system1.qip -library system1 was ignored
    Warning (20014): Assignment for entity set_global_assignment -name IP_TOOL_VERSION 13.0 -entity altera_avalon_sc_fifo -qip system1/synthesis/system1.qip -library system1 was ignored
    Warning (20014): Assignment for entity set_global_assignment -name IP_TOOL_ENV Qsys -entity altera_avalon_sc_fifo -qip system1/synthesis/system1.qip -library system1 was ignored
Warning (20013): Ignored assignments for entity "altera_merlin_master_agent" -- entity does not exist in design
    Warning (20014): Assignment for entity set_global_assignment -name IP_TOOL_NAME altera_merlin_master_agent -entity altera_merlin_master_agent -qip system1/synthesis/system1.qip -library system1 was ignored
    Warning (20014): Assignment for entity set_global_assignment -name IP_TOOL_VERSION 13.0 -entity altera_merlin_master_agent -qip system1/synthesis/system1.qip -library system1 was ignored
    Warning (20014): Assignment for entity set_global_assignment -name IP_TOOL_ENV Qsys -entity altera_merlin_master_agent -qip system1/synthesis/system1.qip -library system1 was ignored
Warning (20013): Ignored assignments for entity "altera_merlin_master_translator" -- entity does not exist in design
    Warning (20014): Assignment for entity set_global_assignment -name IP_TOOL_NAME altera_merlin_master_translator -entity altera_merlin_master_translator -qip system1/synthesis/system1.qip -library system1 was ignored
    Warning (20014): Assignment for entity set_global_assignment -name IP_TOOL_VERSION 13.0 -entity altera_merlin_master_translator -qip system1/synthesis/system1.qip -library system1 was ignored
    Warning (20014): Assignment for entity set_global_assignment -name IP_TOOL_ENV Qsys -entity altera_merlin_master_translator -qip system1/synthesis/system1.qip -library system1 was ignored
Warning (20013): Ignored assignments for entity "altera_merlin_slave_agent" -- entity does not exist in design
    Warning (20014): Assignment for entity set_global_assignment -name IP_TOOL_NAME altera_merlin_slave_agent -entity altera_merlin_slave_agent -qip system1/synthesis/system1.qip -library system1 was ignored
    Warning (20014): Assignment for entity set_global_assignment -name IP_TOOL_VERSION 13.0 -entity altera_merlin_slave_agent -qip system1/synthesis/system1.qip -library system1 was ignored
    Warning (20014): Assignment for entity set_global_assignment -name IP_TOOL_ENV Qsys -entity altera_merlin_slave_agent -qip system1/synthesis/system1.qip -library system1 was ignored
Warning (20013): Ignored assignments for entity "altera_merlin_slave_translator" -- entity does not exist in design
    Warning (20014): Assignment for entity set_global_assignment -name IP_TOOL_NAME altera_merlin_slave_translator -entity altera_merlin_slave_translator -qip system1/synthesis/system1.qip -library system1 was ignored
    Warning (20014): Assignment for entity set_global_assignment -name IP_TOOL_VERSION 13.0 -entity altera_merlin_slave_translator -qip system1/synthesis/system1.qip -library system1 was ignored
    Warning (20014): Assignment for entity set_global_assignment -name IP_TOOL_ENV Qsys -entity altera_merlin_slave_translator -qip system1/synthesis/system1.qip -library system1 was ignored
Warning (20013): Ignored assignments for entity "altera_reset_controller" -- entity does not exist in design
    Warning (20014): Assignment for entity set_global_assignment -name IP_TOOL_NAME altera_reset_controller -entity altera_reset_controller -qip system1/synthesis/system1.qip -library system1 was ignored
    Warning (20014): Assignment for entity set_global_assignment -name IP_TOOL_VERSION 13.0 -entity altera_reset_controller -qip system1/synthesis/system1.qip -library system1 was ignored
    Warning (20014): Assignment for entity set_global_assignment -name IP_TOOL_ENV Qsys -entity altera_reset_controller -qip system1/synthesis/system1.qip -library system1 was ignored
Warning (20013): Ignored assignments for entity "system1" -- entity does not exist in design
    Warning (20014): Assignment for entity set_global_assignment -name IP_TOOL_NAME Qsys -entity system1 -qip system1/synthesis/system1.qip -library system1 was ignored
    Warning (20014): Assignment for entity set_global_assignment -name IP_TOOL_VERSION 13.0sp1 -entity system1 -qip system1/synthesis/system1.qip -library system1 was ignored
    Warning (20014): Assignment for entity set_global_assignment -name IP_TOOL_ENV Qsys -entity system1 -qip system1/synthesis/system1.qip -library system1 was ignored
    Warning (20014): Assignment for entity set_global_assignment -name SLD_INFO "QSYS_NAME system1 HAS_SOPCINFO 1 GENERATION_ID 1747111250" -entity system1 -qip system1/synthesis/system1.qip -library system1 was ignored
Warning (20013): Ignored assignments for entity "system1_addr_router" -- entity does not exist in design
    Warning (20014): Assignment for entity set_global_assignment -name IP_TOOL_NAME altera_merlin_router -entity system1_addr_router -qip system1/synthesis/system1.qip -library system1 was ignored
    Warning (20014): Assignment for entity set_global_assignment -name IP_TOOL_VERSION 13.0 -entity system1_addr_router -qip system1/synthesis/system1.qip -library system1 was ignored
    Warning (20014): Assignment for entity set_global_assignment -name IP_TOOL_ENV Qsys -entity system1_addr_router -qip system1/synthesis/system1.qip -library system1 was ignored
Warning (20013): Ignored assignments for entity "system1_cmd_xbar_demux" -- entity does not exist in design
    Warning (20014): Assignment for entity set_global_assignment -name IP_TOOL_NAME altera_merlin_demultiplexer -entity system1_cmd_xbar_demux -qip system1/synthesis/system1.qip -library system1 was ignored
    Warning (20014): Assignment for entity set_global_assignment -name IP_TOOL_VERSION 13.0 -entity system1_cmd_xbar_demux -qip system1/synthesis/system1.qip -library system1 was ignored
    Warning (20014): Assignment for entity set_global_assignment -name IP_TOOL_ENV Qsys -entity system1_cmd_xbar_demux -qip system1/synthesis/system1.qip -library system1 was ignored
Warning (20013): Ignored assignments for entity "system1_cmd_xbar_mux" -- entity does not exist in design
    Warning (20014): Assignment for entity set_global_assignment -name IP_TOOL_NAME altera_merlin_multiplexer -entity system1_cmd_xbar_mux -qip system1/synthesis/system1.qip -library system1 was ignored
    Warning (20014): Assignment for entity set_global_assignment -name IP_TOOL_VERSION 13.0 -entity system1_cmd_xbar_mux -qip system1/synthesis/system1.qip -library system1 was ignored
    Warning (20014): Assignment for entity set_global_assignment -name IP_TOOL_ENV Qsys -entity system1_cmd_xbar_mux -qip system1/synthesis/system1.qip -library system1 was ignored
Warning (20013): Ignored assignments for entity "system1_id_router" -- entity does not exist in design
    Warning (20014): Assignment for entity set_global_assignment -name IP_TOOL_NAME altera_merlin_router -entity system1_id_router -qip system1/synthesis/system1.qip -library system1 was ignored
    Warning (20014): Assignment for entity set_global_assignment -name IP_TOOL_VERSION 13.0 -entity system1_id_router -qip system1/synthesis/system1.qip -library system1 was ignored
    Warning (20014): Assignment for entity set_global_assignment -name IP_TOOL_ENV Qsys -entity system1_id_router -qip system1/synthesis/system1.qip -library system1 was ignored
Warning (20013): Ignored assignments for entity "system1_irq_mapper" -- entity does not exist in design
    Warning (20014): Assignment for entity set_global_assignment -name IP_TOOL_NAME altera_irq_mapper -entity system1_irq_mapper -qip system1/synthesis/system1.qip -library system1 was ignored
    Warning (20014): Assignment for entity set_global_assignment -name IP_TOOL_VERSION 13.0 -entity system1_irq_mapper -qip system1/synthesis/system1.qip -library system1 was ignored
    Warning (20014): Assignment for entity set_global_assignment -name IP_TOOL_ENV Qsys -entity system1_irq_mapper -qip system1/synthesis/system1.qip -library system1 was ignored
Warning (20013): Ignored assignments for entity "system1_jtag_uart_0" -- entity does not exist in design
    Warning (20014): Assignment for entity set_global_assignment -name IP_TOOL_NAME altera_avalon_jtag_uart -entity system1_jtag_uart_0 -qip system1/synthesis/system1.qip -library system1 was ignored
    Warning (20014): Assignment for entity set_global_assignment -name IP_TOOL_VERSION 13.0.1.99.2 -entity system1_jtag_uart_0 -qip system1/synthesis/system1.qip -library system1 was ignored
    Warning (20014): Assignment for entity set_global_assignment -name IP_TOOL_ENV Qsys -entity system1_jtag_uart_0 -qip system1/synthesis/system1.qip -library system1 was ignored
Warning (20013): Ignored assignments for entity "system1_nios2_qsys_0" -- entity does not exist in design
    Warning (20014): Assignment for entity set_global_assignment -name IP_TOOL_NAME altera_nios2_qsys -entity system1_nios2_qsys_0 -qip system1/synthesis/system1.qip -library system1 was ignored
    Warning (20014): Assignment for entity set_global_assignment -name IP_TOOL_VERSION 13.0 -entity system1_nios2_qsys_0 -qip system1/synthesis/system1.qip -library system1 was ignored
    Warning (20014): Assignment for entity set_global_assignment -name IP_TOOL_ENV Qsys -entity system1_nios2_qsys_0 -qip system1/synthesis/system1.qip -library system1 was ignored
Warning (20013): Ignored assignments for entity "system1_onchip_memory2_0" -- entity does not exist in design
    Warning (20014): Assignment for entity set_global_assignment -name IP_TOOL_NAME altera_avalon_onchip_memory2 -entity system1_onchip_memory2_0 -qip system1/synthesis/system1.qip -library system1 was ignored
    Warning (20014): Assignment for entity set_global_assignment -name IP_TOOL_VERSION 13.0.1.99.2 -entity system1_onchip_memory2_0 -qip system1/synthesis/system1.qip -library system1 was ignored
    Warning (20014): Assignment for entity set_global_assignment -name IP_TOOL_ENV Qsys -entity system1_onchip_memory2_0 -qip system1/synthesis/system1.qip -library system1 was ignored
Warning (20013): Ignored assignments for entity "system1_rsp_xbar_demux" -- entity does not exist in design
    Warning (20014): Assignment for entity set_global_assignment -name IP_TOOL_NAME altera_merlin_demultiplexer -entity system1_rsp_xbar_demux -qip system1/synthesis/system1.qip -library system1 was ignored
    Warning (20014): Assignment for entity set_global_assignment -name IP_TOOL_VERSION 13.0 -entity system1_rsp_xbar_demux -qip system1/synthesis/system1.qip -library system1 was ignored
    Warning (20014): Assignment for entity set_global_assignment -name IP_TOOL_ENV Qsys -entity system1_rsp_xbar_demux -qip system1/synthesis/system1.qip -library system1 was ignored
Warning (20013): Ignored assignments for entity "system1_rsp_xbar_mux" -- entity does not exist in design
    Warning (20014): Assignment for entity set_global_assignment -name IP_TOOL_NAME altera_merlin_multiplexer -entity system1_rsp_xbar_mux -qip system1/synthesis/system1.qip -library system1 was ignored
    Warning (20014): Assignment for entity set_global_assignment -name IP_TOOL_VERSION 13.0 -entity system1_rsp_xbar_mux -qip system1/synthesis/system1.qip -library system1 was ignored
    Warning (20014): Assignment for entity set_global_assignment -name IP_TOOL_ENV Qsys -entity system1_rsp_xbar_mux -qip system1/synthesis/system1.qip -library system1 was ignored
Info (144001): Generated suppressed messages file D:/SoC/uart/output_files/uart.map.smsg
Info (16010): Generating hard_block partition "hard_block:auto_generated_inst"
    Info (16011): Adding 0 node(s), including 0 DDIO, 0 PLL, 0 transceiver and 0 LCELL
Warning (21074): Design contains 24 input pin(s) that do not drive logic
    Warning (15610): No output dependent on input pin "writedata[8]"
    Warning (15610): No output dependent on input pin "writedata[9]"
    Warning (15610): No output dependent on input pin "writedata[10]"
    Warning (15610): No output dependent on input pin "writedata[11]"
    Warning (15610): No output dependent on input pin "writedata[12]"
    Warning (15610): No output dependent on input pin "writedata[13]"
    Warning (15610): No output dependent on input pin "writedata[14]"
    Warning (15610): No output dependent on input pin "writedata[15]"
    Warning (15610): No output dependent on input pin "writedata[16]"
    Warning (15610): No output dependent on input pin "writedata[17]"
    Warning (15610): No output dependent on input pin "writedata[18]"
    Warning (15610): No output dependent on input pin "writedata[19]"
    Warning (15610): No output dependent on input pin "writedata[20]"
    Warning (15610): No output dependent on input pin "writedata[21]"
    Warning (15610): No output dependent on input pin "writedata[22]"
    Warning (15610): No output dependent on input pin "writedata[23]"
    Warning (15610): No output dependent on input pin "writedata[24]"
    Warning (15610): No output dependent on input pin "writedata[25]"
    Warning (15610): No output dependent on input pin "writedata[26]"
    Warning (15610): No output dependent on input pin "writedata[27]"
    Warning (15610): No output dependent on input pin "writedata[28]"
    Warning (15610): No output dependent on input pin "writedata[29]"
    Warning (15610): No output dependent on input pin "writedata[30]"
    Warning (15610): No output dependent on input pin "writedata[31]"
Info (21057): Implemented 255 device resources after synthesis - the final resource count might be different
    Info (21058): Implemented 41 input pins
    Info (21059): Implemented 33 output pins
    Info (21061): Implemented 181 logic cells
Info: Quartus II 64-Bit Analysis & Synthesis was successful. 0 errors, 153 warnings
    Info: Peak virtual memory: 4613 megabytes
    Info: Processing ended: Wed Jun 11 23:35:40 2025
    Info: Elapsed time: 00:00:02
    Info: Total CPU time (on all processors): 00:00:01


+------------------------------------------+
; Analysis & Synthesis Suppressed Messages ;
+------------------------------------------+
The suppressed messages can be found in D:/SoC/uart/output_files/uart.map.smsg.


