Simulator report for uart
Mon Apr 28 16:20:54 2025
Quartus II 64-Bit Version 13.0.1 Build 232 06/12/2013 Service Pack 1 SJ Web Edition


---------------------
; Table of Contents ;
---------------------
  1. Legal Notice
  2. Simulator Summary
  3. Simulator Settings
  4. Simulation Waveforms
  5. Coverage Summary
  6. Complete 1/0-Value Coverage
  7. Missing 1-Value Coverage
  8. Missing 0-Value Coverage
  9. Simulator INI Usage
 10. Simulator Messages



----------------
; Legal Notice ;
----------------
Copyright (C) 1991-2013 Altera Corporation
Your use of Altera Corporation's design tools, logic functions 
and other software and tools, and its AMPP partner logic 
functions, and any output files from any of the foregoing 
(including device programming or simulation files), and any 
associated documentation or information are expressly subject 
to the terms and conditions of the Altera Program License 
Subscription Agreement, Altera MegaCore Function License 
Agreement, or other applicable license agreement, including, 
without limitation, that your use is for the sole purpose of 
programming logic devices manufactured by Altera and sold by 
Altera or its authorized distributors.  Please refer to the 
applicable agreement for further details.



+--------------------------------------------+
; Simulator Summary                          ;
+-----------------------------+--------------+
; Type                        ; Value        ;
+-----------------------------+--------------+
; Simulation Start Time       ; 0 ps         ;
; Simulation End Time         ; 1.0 us       ;
; Simulation Netlist Size     ; 242 nodes    ;
; Simulation Coverage         ;      26.86 % ;
; Total Number of Transitions ; 664          ;
; Simulation Breakpoints      ; 0            ;
; Family                      ; Cyclone II   ;
+-----------------------------+--------------+


+----------------------------------------------------------------------------------------------------------------------------------+
; Simulator Settings                                                                                                               ;
+--------------------------------------------------------------------------------------------+---------------------+---------------+
; Option                                                                                     ; Setting             ; Default Value ;
+--------------------------------------------------------------------------------------------+---------------------+---------------+
; Simulation mode                                                                            ; Functional          ; Timing        ;
; Start time                                                                                 ; 0 ns                ; 0 ns          ;
; Simulation results format                                                                  ; VWF                 ;               ;
; Vector input source                                                                        ; D:/SoC/uart/txd.vwf ;               ;
; Add pins automatically to simulation output waveforms                                      ; On                  ; On            ;
; Check outputs                                                                              ; Off                 ; Off           ;
; Report simulation coverage                                                                 ; On                  ; On            ;
; Display complete 1/0 value coverage report                                                 ; On                  ; On            ;
; Display missing 1-value coverage report                                                    ; On                  ; On            ;
; Display missing 0-value coverage report                                                    ; On                  ; On            ;
; Detect setup and hold time violations                                                      ; Off                 ; Off           ;
; Detect glitches                                                                            ; Off                 ; Off           ;
; Disable timing delays in Timing Simulation                                                 ; Off                 ; Off           ;
; Generate Signal Activity File                                                              ; Off                 ; Off           ;
; Generate VCD File for PowerPlay Power Analyzer                                             ; Off                 ; Off           ;
; Group bus channels in simulation results                                                   ; Off                 ; Off           ;
; Preserve fewer signal transitions to reduce memory requirements                            ; On                  ; On            ;
; Trigger vector comparison with the specified mode                                          ; INPUT_EDGE          ; INPUT_EDGE    ;
; Disable setup and hold time violations detection in input registers of bi-directional pins ; Off                 ; Off           ;
; Overwrite Waveform Inputs With Simulation Outputs                                          ; Off                 ;               ;
; Perform Glitch Filtering in Timing Simulation                                              ; Auto                ; Auto          ;
+--------------------------------------------------------------------------------------------+---------------------+---------------+


+----------------------+
; Simulation Waveforms ;
+----------------------+
Waveform report data cannot be output to ASCII.
Please use Quartus II 64-Bit to view the waveform report data.


+--------------------------------------------------------------------+
; Coverage Summary                                                   ;
+-----------------------------------------------------+--------------+
; Type                                                ; Value        ;
+-----------------------------------------------------+--------------+
; Total coverage as a percentage                      ;      26.86 % ;
; Total nodes checked                                 ; 242          ;
; Total output ports checked                          ; 242          ;
; Total output ports with complete 1/0-value coverage ; 65           ;
; Total output ports with no 1/0-value coverage       ; 129          ;
; Total output ports with no 1-value coverage         ; 177          ;
; Total output ports with no 0-value coverage         ; 129          ;
+-----------------------------------------------------+--------------+


The following table displays output ports that toggle between 1 and 0 during simulation.
+--------------------------------------------------------------------------------------------------------------------------------------------------+
; Complete 1/0-Value Coverage                                                                                                                      ;
+---------------------------------------------------------------+---------------------------------------------------------------+------------------+
; Node Name                                                     ; Output Port Name                                              ; Output Port Type ;
+---------------------------------------------------------------+---------------------------------------------------------------+------------------+
; |uart_tx|WideXor0                                             ; |uart_tx|WideXor0                                             ; out0             ;
; |uart_tx|always0~0                                            ; |uart_tx|always0~0                                            ; out0             ;
; |uart_tx|txrdy~reg0                                           ; |uart_tx|txrdy~reg0                                           ; regout           ;
; |uart_tx|always0~1                                            ; |uart_tx|always0~1                                            ; out0             ;
; |uart_tx|sending~0                                            ; |uart_tx|sending~0                                            ; out              ;
; |uart_tx|txrdy~0                                              ; |uart_tx|txrdy~0                                              ; out              ;
; |uart_tx|shift_reg~12                                         ; |uart_tx|shift_reg~12                                         ; out              ;
; |uart_tx|shift_reg~13                                         ; |uart_tx|shift_reg~13                                         ; out              ;
; |uart_tx|shift_reg~14                                         ; |uart_tx|shift_reg~14                                         ; out              ;
; |uart_tx|shift_reg~15                                         ; |uart_tx|shift_reg~15                                         ; out              ;
; |uart_tx|shift_reg~16                                         ; |uart_tx|shift_reg~16                                         ; out              ;
; |uart_tx|shift_reg~17                                         ; |uart_tx|shift_reg~17                                         ; out              ;
; |uart_tx|shift_reg~18                                         ; |uart_tx|shift_reg~18                                         ; out              ;
; |uart_tx|shift_reg~19                                         ; |uart_tx|shift_reg~19                                         ; out              ;
; |uart_tx|shift_reg~20                                         ; |uart_tx|shift_reg~20                                         ; out              ;
; |uart_tx|bit_cnt~0                                            ; |uart_tx|bit_cnt~0                                            ; out              ;
; |uart_tx|bit_cnt~1                                            ; |uart_tx|bit_cnt~1                                            ; out              ;
; |uart_tx|bit_cnt~2                                            ; |uart_tx|bit_cnt~2                                            ; out              ;
; |uart_tx|bit_cnt~3                                            ; |uart_tx|bit_cnt~3                                            ; out              ;
; |uart_tx|sending~1                                            ; |uart_tx|sending~1                                            ; out              ;
; |uart_tx|txrdy~1                                              ; |uart_tx|txrdy~1                                              ; out              ;
; |uart_tx|shift_reg~22                                         ; |uart_tx|shift_reg~22                                         ; out              ;
; |uart_tx|shift_reg~23                                         ; |uart_tx|shift_reg~23                                         ; out              ;
; |uart_tx|shift_reg~24                                         ; |uart_tx|shift_reg~24                                         ; out              ;
; |uart_tx|shift_reg~25                                         ; |uart_tx|shift_reg~25                                         ; out              ;
; |uart_tx|shift_reg~26                                         ; |uart_tx|shift_reg~26                                         ; out              ;
; |uart_tx|shift_reg~27                                         ; |uart_tx|shift_reg~27                                         ; out              ;
; |uart_tx|shift_reg~28                                         ; |uart_tx|shift_reg~28                                         ; out              ;
; |uart_tx|shift_reg~29                                         ; |uart_tx|shift_reg~29                                         ; out              ;
; |uart_tx|shift_reg~30                                         ; |uart_tx|shift_reg~30                                         ; out              ;
; |uart_tx|sending~2                                            ; |uart_tx|sending~2                                            ; out              ;
; |uart_tx|bit_cnt~4                                            ; |uart_tx|bit_cnt~4                                            ; out              ;
; |uart_tx|bit_cnt~5                                            ; |uart_tx|bit_cnt~5                                            ; out              ;
; |uart_tx|bit_cnt~6                                            ; |uart_tx|bit_cnt~6                                            ; out              ;
; |uart_tx|bit_cnt~7                                            ; |uart_tx|bit_cnt~7                                            ; out              ;
; |uart_tx|txrdy~2                                              ; |uart_tx|txrdy~2                                              ; out              ;
; |uart_tx|shift_reg[8]                                         ; |uart_tx|shift_reg[8]                                         ; regout           ;
; |uart_tx|shift_reg[7]                                         ; |uart_tx|shift_reg[7]                                         ; regout           ;
; |uart_tx|shift_reg[6]                                         ; |uart_tx|shift_reg[6]                                         ; regout           ;
; |uart_tx|shift_reg[5]                                         ; |uart_tx|shift_reg[5]                                         ; regout           ;
; |uart_tx|shift_reg[4]                                         ; |uart_tx|shift_reg[4]                                         ; regout           ;
; |uart_tx|shift_reg[3]                                         ; |uart_tx|shift_reg[3]                                         ; regout           ;
; |uart_tx|shift_reg[2]                                         ; |uart_tx|shift_reg[2]                                         ; regout           ;
; |uart_tx|shift_reg[1]                                         ; |uart_tx|shift_reg[1]                                         ; regout           ;
; |uart_tx|shift_reg[0]                                         ; |uart_tx|shift_reg[0]                                         ; regout           ;
; |uart_tx|bit_cnt[3]                                           ; |uart_tx|bit_cnt[3]                                           ; regout           ;
; |uart_tx|bit_cnt[2]                                           ; |uart_tx|bit_cnt[2]                                           ; regout           ;
; |uart_tx|bit_cnt[1]                                           ; |uart_tx|bit_cnt[1]                                           ; regout           ;
; |uart_tx|bit_cnt[0]                                           ; |uart_tx|bit_cnt[0]                                           ; regout           ;
; |uart_tx|sending                                              ; |uart_tx|sending                                              ; regout           ;
; |uart_tx|clk                                                  ; |uart_tx|clk                                                  ; out              ;
; |uart_tx|clk_baud                                             ; |uart_tx|clk_baud                                             ; out              ;
; |uart_tx|txd                                                  ; |uart_tx|txd                                                  ; pin_out          ;
; |uart_tx|txrdy                                                ; |uart_tx|txrdy                                                ; pin_out          ;
; |uart_tx|encoder:h_enc|h0~0                                   ; |uart_tx|encoder:h_enc|h0~0                                   ; out0             ;
; |uart_tx|encoder:h_enc|h1~0                                   ; |uart_tx|encoder:h_enc|h1~0                                   ; out0             ;
; |uart_tx|Add0~0                                               ; |uart_tx|Add0~0                                               ; out0             ;
; |uart_tx|Add0~1                                               ; |uart_tx|Add0~1                                               ; out0             ;
; |uart_tx|Add0~2                                               ; |uart_tx|Add0~2                                               ; out0             ;
; |uart_tx|Add0~3                                               ; |uart_tx|Add0~3                                               ; out0             ;
; |uart_tx|Add0~4                                               ; |uart_tx|Add0~4                                               ; out0             ;
; |uart_tx|Equal0~0                                             ; |uart_tx|Equal0~0                                             ; out0             ;
; |uart_tx|lpm_mux:Mux0|mux_umc:auto_generated|_~17             ; |uart_tx|lpm_mux:Mux0|mux_umc:auto_generated|_~17             ; out0             ;
; |uart_tx|lpm_mux:Mux0|mux_umc:auto_generated|result_node[0]~1 ; |uart_tx|lpm_mux:Mux0|mux_umc:auto_generated|result_node[0]~1 ; out0             ;
; |uart_tx|lpm_mux:Mux0|mux_umc:auto_generated|result_node[0]   ; |uart_tx|lpm_mux:Mux0|mux_umc:auto_generated|result_node[0]   ; out0             ;
+---------------------------------------------------------------+---------------------------------------------------------------+------------------+


The following table displays output ports that do not toggle to 1 during simulation.
+--------------------------------------------------------------------------------------------------------------------------------------------------+
; Missing 1-Value Coverage                                                                                                                         ;
+---------------------------------------------------------------+---------------------------------------------------------------+------------------+
; Node Name                                                     ; Output Port Name                                              ; Output Port Type ;
+---------------------------------------------------------------+---------------------------------------------------------------+------------------+
; |uart_tx|shift_reg~0                                          ; |uart_tx|shift_reg~0                                          ; out              ;
; |uart_tx|shift_reg~1                                          ; |uart_tx|shift_reg~1                                          ; out              ;
; |uart_tx|shift_reg~2                                          ; |uart_tx|shift_reg~2                                          ; out              ;
; |uart_tx|shift_reg~3                                          ; |uart_tx|shift_reg~3                                          ; out              ;
; |uart_tx|shift_reg~4                                          ; |uart_tx|shift_reg~4                                          ; out              ;
; |uart_tx|shift_reg~5                                          ; |uart_tx|shift_reg~5                                          ; out              ;
; |uart_tx|shift_reg~6                                          ; |uart_tx|shift_reg~6                                          ; out              ;
; |uart_tx|shift_reg~7                                          ; |uart_tx|shift_reg~7                                          ; out              ;
; |uart_tx|shift_reg~8                                          ; |uart_tx|shift_reg~8                                          ; out              ;
; |uart_tx|shift_reg~9                                          ; |uart_tx|shift_reg~9                                          ; out              ;
; |uart_tx|shift_reg~10                                         ; |uart_tx|shift_reg~10                                         ; out              ;
; |uart_tx|shift_reg~11                                         ; |uart_tx|shift_reg~11                                         ; out              ;
; |uart_tx|shift_reg~21                                         ; |uart_tx|shift_reg~21                                         ; out              ;
; |uart_tx|shift_reg[9]                                         ; |uart_tx|shift_reg[9]                                         ; regout           ;
; |uart_tx|reset                                                ; |uart_tx|reset                                                ; out              ;
; |uart_tx|wr_bar                                               ; |uart_tx|wr_bar                                               ; out              ;
; |uart_tx|mode                                                 ; |uart_tx|mode                                                 ; out              ;
; |uart_tx|DWL[0]                                               ; |uart_tx|DWL[0]                                               ; out              ;
; |uart_tx|DWL[1]                                               ; |uart_tx|DWL[1]                                               ; out              ;
; |uart_tx|data_in[0]                                           ; |uart_tx|data_in[0]                                           ; out              ;
; |uart_tx|data_in[1]                                           ; |uart_tx|data_in[1]                                           ; out              ;
; |uart_tx|data_in[2]                                           ; |uart_tx|data_in[2]                                           ; out              ;
; |uart_tx|data_in[3]                                           ; |uart_tx|data_in[3]                                           ; out              ;
; |uart_tx|data_in[4]                                           ; |uart_tx|data_in[4]                                           ; out              ;
; |uart_tx|data_in[5]                                           ; |uart_tx|data_in[5]                                           ; out              ;
; |uart_tx|data_in[6]                                           ; |uart_tx|data_in[6]                                           ; out              ;
; |uart_tx|data_in[7]                                           ; |uart_tx|data_in[7]                                           ; out              ;
; |uart_tx|encoder:h_enc|encoded_out[4]                         ; |uart_tx|encoder:h_enc|encoded_out[4]                         ; out0             ;
; |uart_tx|encoder:h_enc|encoded_out[5]                         ; |uart_tx|encoder:h_enc|encoded_out[5]                         ; out0             ;
; |uart_tx|encoder:h_enc|encoded_out[6]                         ; |uart_tx|encoder:h_enc|encoded_out[6]                         ; out0             ;
; |uart_tx|encoder:h_enc|h3~0                                   ; |uart_tx|encoder:h_enc|h3~0                                   ; out0             ;
; |uart_tx|encoder:h_enc|encoded_out[7]                         ; |uart_tx|encoder:h_enc|encoded_out[7]                         ; out0             ;
; |uart_tx|Decoder0~0                                           ; |uart_tx|Decoder0~0                                           ; out0             ;
; |uart_tx|lpm_mux:Mux6|mux_umc:auto_generated|_~0              ; |uart_tx|lpm_mux:Mux6|mux_umc:auto_generated|_~0              ; out0             ;
; |uart_tx|lpm_mux:Mux6|mux_umc:auto_generated|_~1              ; |uart_tx|lpm_mux:Mux6|mux_umc:auto_generated|_~1              ; out0             ;
; |uart_tx|lpm_mux:Mux6|mux_umc:auto_generated|_~2              ; |uart_tx|lpm_mux:Mux6|mux_umc:auto_generated|_~2              ; out0             ;
; |uart_tx|lpm_mux:Mux6|mux_umc:auto_generated|_~3              ; |uart_tx|lpm_mux:Mux6|mux_umc:auto_generated|_~3              ; out0             ;
; |uart_tx|lpm_mux:Mux6|mux_umc:auto_generated|_~4              ; |uart_tx|lpm_mux:Mux6|mux_umc:auto_generated|_~4              ; out0             ;
; |uart_tx|lpm_mux:Mux6|mux_umc:auto_generated|_~5              ; |uart_tx|lpm_mux:Mux6|mux_umc:auto_generated|_~5              ; out0             ;
; |uart_tx|lpm_mux:Mux6|mux_umc:auto_generated|_~6              ; |uart_tx|lpm_mux:Mux6|mux_umc:auto_generated|_~6              ; out0             ;
; |uart_tx|lpm_mux:Mux6|mux_umc:auto_generated|_~7              ; |uart_tx|lpm_mux:Mux6|mux_umc:auto_generated|_~7              ; out0             ;
; |uart_tx|lpm_mux:Mux6|mux_umc:auto_generated|_~8              ; |uart_tx|lpm_mux:Mux6|mux_umc:auto_generated|_~8              ; out0             ;
; |uart_tx|lpm_mux:Mux6|mux_umc:auto_generated|result_node[0]~0 ; |uart_tx|lpm_mux:Mux6|mux_umc:auto_generated|result_node[0]~0 ; out0             ;
; |uart_tx|lpm_mux:Mux6|mux_umc:auto_generated|_~9              ; |uart_tx|lpm_mux:Mux6|mux_umc:auto_generated|_~9              ; out0             ;
; |uart_tx|lpm_mux:Mux6|mux_umc:auto_generated|_~10             ; |uart_tx|lpm_mux:Mux6|mux_umc:auto_generated|_~10             ; out0             ;
; |uart_tx|lpm_mux:Mux6|mux_umc:auto_generated|_~11             ; |uart_tx|lpm_mux:Mux6|mux_umc:auto_generated|_~11             ; out0             ;
; |uart_tx|lpm_mux:Mux6|mux_umc:auto_generated|_~12             ; |uart_tx|lpm_mux:Mux6|mux_umc:auto_generated|_~12             ; out0             ;
; |uart_tx|lpm_mux:Mux6|mux_umc:auto_generated|_~13             ; |uart_tx|lpm_mux:Mux6|mux_umc:auto_generated|_~13             ; out0             ;
; |uart_tx|lpm_mux:Mux6|mux_umc:auto_generated|_~14             ; |uart_tx|lpm_mux:Mux6|mux_umc:auto_generated|_~14             ; out0             ;
; |uart_tx|lpm_mux:Mux6|mux_umc:auto_generated|_~15             ; |uart_tx|lpm_mux:Mux6|mux_umc:auto_generated|_~15             ; out0             ;
; |uart_tx|lpm_mux:Mux6|mux_umc:auto_generated|_~16             ; |uart_tx|lpm_mux:Mux6|mux_umc:auto_generated|_~16             ; out0             ;
; |uart_tx|lpm_mux:Mux6|mux_umc:auto_generated|_~17             ; |uart_tx|lpm_mux:Mux6|mux_umc:auto_generated|_~17             ; out0             ;
; |uart_tx|lpm_mux:Mux6|mux_umc:auto_generated|result_node[0]~1 ; |uart_tx|lpm_mux:Mux6|mux_umc:auto_generated|result_node[0]~1 ; out0             ;
; |uart_tx|lpm_mux:Mux6|mux_umc:auto_generated|result_node[0]   ; |uart_tx|lpm_mux:Mux6|mux_umc:auto_generated|result_node[0]   ; out0             ;
; |uart_tx|lpm_mux:Mux5|mux_umc:auto_generated|_~0              ; |uart_tx|lpm_mux:Mux5|mux_umc:auto_generated|_~0              ; out0             ;
; |uart_tx|lpm_mux:Mux5|mux_umc:auto_generated|_~1              ; |uart_tx|lpm_mux:Mux5|mux_umc:auto_generated|_~1              ; out0             ;
; |uart_tx|lpm_mux:Mux5|mux_umc:auto_generated|_~2              ; |uart_tx|lpm_mux:Mux5|mux_umc:auto_generated|_~2              ; out0             ;
; |uart_tx|lpm_mux:Mux5|mux_umc:auto_generated|_~3              ; |uart_tx|lpm_mux:Mux5|mux_umc:auto_generated|_~3              ; out0             ;
; |uart_tx|lpm_mux:Mux5|mux_umc:auto_generated|_~4              ; |uart_tx|lpm_mux:Mux5|mux_umc:auto_generated|_~4              ; out0             ;
; |uart_tx|lpm_mux:Mux5|mux_umc:auto_generated|_~5              ; |uart_tx|lpm_mux:Mux5|mux_umc:auto_generated|_~5              ; out0             ;
; |uart_tx|lpm_mux:Mux5|mux_umc:auto_generated|_~6              ; |uart_tx|lpm_mux:Mux5|mux_umc:auto_generated|_~6              ; out0             ;
; |uart_tx|lpm_mux:Mux5|mux_umc:auto_generated|_~7              ; |uart_tx|lpm_mux:Mux5|mux_umc:auto_generated|_~7              ; out0             ;
; |uart_tx|lpm_mux:Mux5|mux_umc:auto_generated|_~8              ; |uart_tx|lpm_mux:Mux5|mux_umc:auto_generated|_~8              ; out0             ;
; |uart_tx|lpm_mux:Mux5|mux_umc:auto_generated|result_node[0]~0 ; |uart_tx|lpm_mux:Mux5|mux_umc:auto_generated|result_node[0]~0 ; out0             ;
; |uart_tx|lpm_mux:Mux5|mux_umc:auto_generated|_~9              ; |uart_tx|lpm_mux:Mux5|mux_umc:auto_generated|_~9              ; out0             ;
; |uart_tx|lpm_mux:Mux5|mux_umc:auto_generated|_~10             ; |uart_tx|lpm_mux:Mux5|mux_umc:auto_generated|_~10             ; out0             ;
; |uart_tx|lpm_mux:Mux5|mux_umc:auto_generated|_~11             ; |uart_tx|lpm_mux:Mux5|mux_umc:auto_generated|_~11             ; out0             ;
; |uart_tx|lpm_mux:Mux5|mux_umc:auto_generated|_~12             ; |uart_tx|lpm_mux:Mux5|mux_umc:auto_generated|_~12             ; out0             ;
; |uart_tx|lpm_mux:Mux5|mux_umc:auto_generated|_~13             ; |uart_tx|lpm_mux:Mux5|mux_umc:auto_generated|_~13             ; out0             ;
; |uart_tx|lpm_mux:Mux5|mux_umc:auto_generated|_~14             ; |uart_tx|lpm_mux:Mux5|mux_umc:auto_generated|_~14             ; out0             ;
; |uart_tx|lpm_mux:Mux5|mux_umc:auto_generated|_~15             ; |uart_tx|lpm_mux:Mux5|mux_umc:auto_generated|_~15             ; out0             ;
; |uart_tx|lpm_mux:Mux5|mux_umc:auto_generated|_~16             ; |uart_tx|lpm_mux:Mux5|mux_umc:auto_generated|_~16             ; out0             ;
; |uart_tx|lpm_mux:Mux5|mux_umc:auto_generated|_~17             ; |uart_tx|lpm_mux:Mux5|mux_umc:auto_generated|_~17             ; out0             ;
; |uart_tx|lpm_mux:Mux5|mux_umc:auto_generated|result_node[0]~1 ; |uart_tx|lpm_mux:Mux5|mux_umc:auto_generated|result_node[0]~1 ; out0             ;
; |uart_tx|lpm_mux:Mux5|mux_umc:auto_generated|result_node[0]   ; |uart_tx|lpm_mux:Mux5|mux_umc:auto_generated|result_node[0]   ; out0             ;
; |uart_tx|lpm_mux:Mux4|mux_umc:auto_generated|_~0              ; |uart_tx|lpm_mux:Mux4|mux_umc:auto_generated|_~0              ; out0             ;
; |uart_tx|lpm_mux:Mux4|mux_umc:auto_generated|_~1              ; |uart_tx|lpm_mux:Mux4|mux_umc:auto_generated|_~1              ; out0             ;
; |uart_tx|lpm_mux:Mux4|mux_umc:auto_generated|_~2              ; |uart_tx|lpm_mux:Mux4|mux_umc:auto_generated|_~2              ; out0             ;
; |uart_tx|lpm_mux:Mux4|mux_umc:auto_generated|_~3              ; |uart_tx|lpm_mux:Mux4|mux_umc:auto_generated|_~3              ; out0             ;
; |uart_tx|lpm_mux:Mux4|mux_umc:auto_generated|_~4              ; |uart_tx|lpm_mux:Mux4|mux_umc:auto_generated|_~4              ; out0             ;
; |uart_tx|lpm_mux:Mux4|mux_umc:auto_generated|_~5              ; |uart_tx|lpm_mux:Mux4|mux_umc:auto_generated|_~5              ; out0             ;
; |uart_tx|lpm_mux:Mux4|mux_umc:auto_generated|_~6              ; |uart_tx|lpm_mux:Mux4|mux_umc:auto_generated|_~6              ; out0             ;
; |uart_tx|lpm_mux:Mux4|mux_umc:auto_generated|_~7              ; |uart_tx|lpm_mux:Mux4|mux_umc:auto_generated|_~7              ; out0             ;
; |uart_tx|lpm_mux:Mux4|mux_umc:auto_generated|_~8              ; |uart_tx|lpm_mux:Mux4|mux_umc:auto_generated|_~8              ; out0             ;
; |uart_tx|lpm_mux:Mux4|mux_umc:auto_generated|result_node[0]~0 ; |uart_tx|lpm_mux:Mux4|mux_umc:auto_generated|result_node[0]~0 ; out0             ;
; |uart_tx|lpm_mux:Mux4|mux_umc:auto_generated|_~9              ; |uart_tx|lpm_mux:Mux4|mux_umc:auto_generated|_~9              ; out0             ;
; |uart_tx|lpm_mux:Mux4|mux_umc:auto_generated|_~10             ; |uart_tx|lpm_mux:Mux4|mux_umc:auto_generated|_~10             ; out0             ;
; |uart_tx|lpm_mux:Mux4|mux_umc:auto_generated|_~11             ; |uart_tx|lpm_mux:Mux4|mux_umc:auto_generated|_~11             ; out0             ;
; |uart_tx|lpm_mux:Mux4|mux_umc:auto_generated|_~12             ; |uart_tx|lpm_mux:Mux4|mux_umc:auto_generated|_~12             ; out0             ;
; |uart_tx|lpm_mux:Mux4|mux_umc:auto_generated|_~13             ; |uart_tx|lpm_mux:Mux4|mux_umc:auto_generated|_~13             ; out0             ;
; |uart_tx|lpm_mux:Mux4|mux_umc:auto_generated|_~14             ; |uart_tx|lpm_mux:Mux4|mux_umc:auto_generated|_~14             ; out0             ;
; |uart_tx|lpm_mux:Mux4|mux_umc:auto_generated|_~15             ; |uart_tx|lpm_mux:Mux4|mux_umc:auto_generated|_~15             ; out0             ;
; |uart_tx|lpm_mux:Mux4|mux_umc:auto_generated|_~16             ; |uart_tx|lpm_mux:Mux4|mux_umc:auto_generated|_~16             ; out0             ;
; |uart_tx|lpm_mux:Mux4|mux_umc:auto_generated|_~17             ; |uart_tx|lpm_mux:Mux4|mux_umc:auto_generated|_~17             ; out0             ;
; |uart_tx|lpm_mux:Mux4|mux_umc:auto_generated|result_node[0]~1 ; |uart_tx|lpm_mux:Mux4|mux_umc:auto_generated|result_node[0]~1 ; out0             ;
; |uart_tx|lpm_mux:Mux4|mux_umc:auto_generated|result_node[0]   ; |uart_tx|lpm_mux:Mux4|mux_umc:auto_generated|result_node[0]   ; out0             ;
; |uart_tx|lpm_mux:Mux3|mux_umc:auto_generated|_~0              ; |uart_tx|lpm_mux:Mux3|mux_umc:auto_generated|_~0              ; out0             ;
; |uart_tx|lpm_mux:Mux3|mux_umc:auto_generated|_~1              ; |uart_tx|lpm_mux:Mux3|mux_umc:auto_generated|_~1              ; out0             ;
; |uart_tx|lpm_mux:Mux3|mux_umc:auto_generated|_~2              ; |uart_tx|lpm_mux:Mux3|mux_umc:auto_generated|_~2              ; out0             ;
; |uart_tx|lpm_mux:Mux3|mux_umc:auto_generated|_~3              ; |uart_tx|lpm_mux:Mux3|mux_umc:auto_generated|_~3              ; out0             ;
; |uart_tx|lpm_mux:Mux3|mux_umc:auto_generated|_~4              ; |uart_tx|lpm_mux:Mux3|mux_umc:auto_generated|_~4              ; out0             ;
; |uart_tx|lpm_mux:Mux3|mux_umc:auto_generated|_~5              ; |uart_tx|lpm_mux:Mux3|mux_umc:auto_generated|_~5              ; out0             ;
; |uart_tx|lpm_mux:Mux3|mux_umc:auto_generated|_~6              ; |uart_tx|lpm_mux:Mux3|mux_umc:auto_generated|_~6              ; out0             ;
; |uart_tx|lpm_mux:Mux3|mux_umc:auto_generated|_~7              ; |uart_tx|lpm_mux:Mux3|mux_umc:auto_generated|_~7              ; out0             ;
; |uart_tx|lpm_mux:Mux3|mux_umc:auto_generated|_~8              ; |uart_tx|lpm_mux:Mux3|mux_umc:auto_generated|_~8              ; out0             ;
; |uart_tx|lpm_mux:Mux3|mux_umc:auto_generated|result_node[0]~0 ; |uart_tx|lpm_mux:Mux3|mux_umc:auto_generated|result_node[0]~0 ; out0             ;
; |uart_tx|lpm_mux:Mux3|mux_umc:auto_generated|_~9              ; |uart_tx|lpm_mux:Mux3|mux_umc:auto_generated|_~9              ; out0             ;
; |uart_tx|lpm_mux:Mux3|mux_umc:auto_generated|_~10             ; |uart_tx|lpm_mux:Mux3|mux_umc:auto_generated|_~10             ; out0             ;
; |uart_tx|lpm_mux:Mux3|mux_umc:auto_generated|_~11             ; |uart_tx|lpm_mux:Mux3|mux_umc:auto_generated|_~11             ; out0             ;
; |uart_tx|lpm_mux:Mux3|mux_umc:auto_generated|_~12             ; |uart_tx|lpm_mux:Mux3|mux_umc:auto_generated|_~12             ; out0             ;
; |uart_tx|lpm_mux:Mux3|mux_umc:auto_generated|_~13             ; |uart_tx|lpm_mux:Mux3|mux_umc:auto_generated|_~13             ; out0             ;
; |uart_tx|lpm_mux:Mux3|mux_umc:auto_generated|_~14             ; |uart_tx|lpm_mux:Mux3|mux_umc:auto_generated|_~14             ; out0             ;
; |uart_tx|lpm_mux:Mux3|mux_umc:auto_generated|_~15             ; |uart_tx|lpm_mux:Mux3|mux_umc:auto_generated|_~15             ; out0             ;
; |uart_tx|lpm_mux:Mux3|mux_umc:auto_generated|_~16             ; |uart_tx|lpm_mux:Mux3|mux_umc:auto_generated|_~16             ; out0             ;
; |uart_tx|lpm_mux:Mux3|mux_umc:auto_generated|_~17             ; |uart_tx|lpm_mux:Mux3|mux_umc:auto_generated|_~17             ; out0             ;
; |uart_tx|lpm_mux:Mux3|mux_umc:auto_generated|result_node[0]~1 ; |uart_tx|lpm_mux:Mux3|mux_umc:auto_generated|result_node[0]~1 ; out0             ;
; |uart_tx|lpm_mux:Mux3|mux_umc:auto_generated|result_node[0]   ; |uart_tx|lpm_mux:Mux3|mux_umc:auto_generated|result_node[0]   ; out0             ;
; |uart_tx|lpm_mux:Mux2|mux_umc:auto_generated|_~0              ; |uart_tx|lpm_mux:Mux2|mux_umc:auto_generated|_~0              ; out0             ;
; |uart_tx|lpm_mux:Mux2|mux_umc:auto_generated|_~1              ; |uart_tx|lpm_mux:Mux2|mux_umc:auto_generated|_~1              ; out0             ;
; |uart_tx|lpm_mux:Mux2|mux_umc:auto_generated|_~2              ; |uart_tx|lpm_mux:Mux2|mux_umc:auto_generated|_~2              ; out0             ;
; |uart_tx|lpm_mux:Mux2|mux_umc:auto_generated|_~3              ; |uart_tx|lpm_mux:Mux2|mux_umc:auto_generated|_~3              ; out0             ;
; |uart_tx|lpm_mux:Mux2|mux_umc:auto_generated|_~4              ; |uart_tx|lpm_mux:Mux2|mux_umc:auto_generated|_~4              ; out0             ;
; |uart_tx|lpm_mux:Mux2|mux_umc:auto_generated|_~5              ; |uart_tx|lpm_mux:Mux2|mux_umc:auto_generated|_~5              ; out0             ;
; |uart_tx|lpm_mux:Mux2|mux_umc:auto_generated|_~6              ; |uart_tx|lpm_mux:Mux2|mux_umc:auto_generated|_~6              ; out0             ;
; |uart_tx|lpm_mux:Mux2|mux_umc:auto_generated|_~7              ; |uart_tx|lpm_mux:Mux2|mux_umc:auto_generated|_~7              ; out0             ;
; |uart_tx|lpm_mux:Mux2|mux_umc:auto_generated|_~8              ; |uart_tx|lpm_mux:Mux2|mux_umc:auto_generated|_~8              ; out0             ;
; |uart_tx|lpm_mux:Mux2|mux_umc:auto_generated|result_node[0]~0 ; |uart_tx|lpm_mux:Mux2|mux_umc:auto_generated|result_node[0]~0 ; out0             ;
; |uart_tx|lpm_mux:Mux2|mux_umc:auto_generated|_~9              ; |uart_tx|lpm_mux:Mux2|mux_umc:auto_generated|_~9              ; out0             ;
; |uart_tx|lpm_mux:Mux2|mux_umc:auto_generated|_~10             ; |uart_tx|lpm_mux:Mux2|mux_umc:auto_generated|_~10             ; out0             ;
; |uart_tx|lpm_mux:Mux2|mux_umc:auto_generated|_~11             ; |uart_tx|lpm_mux:Mux2|mux_umc:auto_generated|_~11             ; out0             ;
; |uart_tx|lpm_mux:Mux2|mux_umc:auto_generated|_~12             ; |uart_tx|lpm_mux:Mux2|mux_umc:auto_generated|_~12             ; out0             ;
; |uart_tx|lpm_mux:Mux2|mux_umc:auto_generated|_~13             ; |uart_tx|lpm_mux:Mux2|mux_umc:auto_generated|_~13             ; out0             ;
; |uart_tx|lpm_mux:Mux2|mux_umc:auto_generated|_~14             ; |uart_tx|lpm_mux:Mux2|mux_umc:auto_generated|_~14             ; out0             ;
; |uart_tx|lpm_mux:Mux2|mux_umc:auto_generated|_~15             ; |uart_tx|lpm_mux:Mux2|mux_umc:auto_generated|_~15             ; out0             ;
; |uart_tx|lpm_mux:Mux2|mux_umc:auto_generated|_~16             ; |uart_tx|lpm_mux:Mux2|mux_umc:auto_generated|_~16             ; out0             ;
; |uart_tx|lpm_mux:Mux2|mux_umc:auto_generated|_~17             ; |uart_tx|lpm_mux:Mux2|mux_umc:auto_generated|_~17             ; out0             ;
; |uart_tx|lpm_mux:Mux2|mux_umc:auto_generated|result_node[0]~1 ; |uart_tx|lpm_mux:Mux2|mux_umc:auto_generated|result_node[0]~1 ; out0             ;
; |uart_tx|lpm_mux:Mux2|mux_umc:auto_generated|result_node[0]   ; |uart_tx|lpm_mux:Mux2|mux_umc:auto_generated|result_node[0]   ; out0             ;
; |uart_tx|lpm_mux:Mux1|mux_umc:auto_generated|_~0              ; |uart_tx|lpm_mux:Mux1|mux_umc:auto_generated|_~0              ; out0             ;
; |uart_tx|lpm_mux:Mux1|mux_umc:auto_generated|_~1              ; |uart_tx|lpm_mux:Mux1|mux_umc:auto_generated|_~1              ; out0             ;
; |uart_tx|lpm_mux:Mux1|mux_umc:auto_generated|_~2              ; |uart_tx|lpm_mux:Mux1|mux_umc:auto_generated|_~2              ; out0             ;
; |uart_tx|lpm_mux:Mux1|mux_umc:auto_generated|_~3              ; |uart_tx|lpm_mux:Mux1|mux_umc:auto_generated|_~3              ; out0             ;
; |uart_tx|lpm_mux:Mux1|mux_umc:auto_generated|_~4              ; |uart_tx|lpm_mux:Mux1|mux_umc:auto_generated|_~4              ; out0             ;
; |uart_tx|lpm_mux:Mux1|mux_umc:auto_generated|_~5              ; |uart_tx|lpm_mux:Mux1|mux_umc:auto_generated|_~5              ; out0             ;
; |uart_tx|lpm_mux:Mux1|mux_umc:auto_generated|_~6              ; |uart_tx|lpm_mux:Mux1|mux_umc:auto_generated|_~6              ; out0             ;
; |uart_tx|lpm_mux:Mux1|mux_umc:auto_generated|_~7              ; |uart_tx|lpm_mux:Mux1|mux_umc:auto_generated|_~7              ; out0             ;
; |uart_tx|lpm_mux:Mux1|mux_umc:auto_generated|_~8              ; |uart_tx|lpm_mux:Mux1|mux_umc:auto_generated|_~8              ; out0             ;
; |uart_tx|lpm_mux:Mux1|mux_umc:auto_generated|result_node[0]~0 ; |uart_tx|lpm_mux:Mux1|mux_umc:auto_generated|result_node[0]~0 ; out0             ;
; |uart_tx|lpm_mux:Mux1|mux_umc:auto_generated|_~9              ; |uart_tx|lpm_mux:Mux1|mux_umc:auto_generated|_~9              ; out0             ;
; |uart_tx|lpm_mux:Mux1|mux_umc:auto_generated|_~10             ; |uart_tx|lpm_mux:Mux1|mux_umc:auto_generated|_~10             ; out0             ;
; |uart_tx|lpm_mux:Mux1|mux_umc:auto_generated|_~11             ; |uart_tx|lpm_mux:Mux1|mux_umc:auto_generated|_~11             ; out0             ;
; |uart_tx|lpm_mux:Mux1|mux_umc:auto_generated|_~12             ; |uart_tx|lpm_mux:Mux1|mux_umc:auto_generated|_~12             ; out0             ;
; |uart_tx|lpm_mux:Mux1|mux_umc:auto_generated|_~13             ; |uart_tx|lpm_mux:Mux1|mux_umc:auto_generated|_~13             ; out0             ;
; |uart_tx|lpm_mux:Mux1|mux_umc:auto_generated|_~14             ; |uart_tx|lpm_mux:Mux1|mux_umc:auto_generated|_~14             ; out0             ;
; |uart_tx|lpm_mux:Mux1|mux_umc:auto_generated|_~15             ; |uart_tx|lpm_mux:Mux1|mux_umc:auto_generated|_~15             ; out0             ;
; |uart_tx|lpm_mux:Mux1|mux_umc:auto_generated|_~16             ; |uart_tx|lpm_mux:Mux1|mux_umc:auto_generated|_~16             ; out0             ;
; |uart_tx|lpm_mux:Mux1|mux_umc:auto_generated|_~17             ; |uart_tx|lpm_mux:Mux1|mux_umc:auto_generated|_~17             ; out0             ;
; |uart_tx|lpm_mux:Mux1|mux_umc:auto_generated|result_node[0]~1 ; |uart_tx|lpm_mux:Mux1|mux_umc:auto_generated|result_node[0]~1 ; out0             ;
; |uart_tx|lpm_mux:Mux1|mux_umc:auto_generated|result_node[0]   ; |uart_tx|lpm_mux:Mux1|mux_umc:auto_generated|result_node[0]   ; out0             ;
; |uart_tx|lpm_mux:Mux0|mux_umc:auto_generated|_~0              ; |uart_tx|lpm_mux:Mux0|mux_umc:auto_generated|_~0              ; out0             ;
; |uart_tx|lpm_mux:Mux0|mux_umc:auto_generated|_~1              ; |uart_tx|lpm_mux:Mux0|mux_umc:auto_generated|_~1              ; out0             ;
; |uart_tx|lpm_mux:Mux0|mux_umc:auto_generated|_~2              ; |uart_tx|lpm_mux:Mux0|mux_umc:auto_generated|_~2              ; out0             ;
; |uart_tx|lpm_mux:Mux0|mux_umc:auto_generated|_~3              ; |uart_tx|lpm_mux:Mux0|mux_umc:auto_generated|_~3              ; out0             ;
; |uart_tx|lpm_mux:Mux0|mux_umc:auto_generated|_~4              ; |uart_tx|lpm_mux:Mux0|mux_umc:auto_generated|_~4              ; out0             ;
; |uart_tx|lpm_mux:Mux0|mux_umc:auto_generated|_~5              ; |uart_tx|lpm_mux:Mux0|mux_umc:auto_generated|_~5              ; out0             ;
; |uart_tx|lpm_mux:Mux0|mux_umc:auto_generated|_~6              ; |uart_tx|lpm_mux:Mux0|mux_umc:auto_generated|_~6              ; out0             ;
; |uart_tx|lpm_mux:Mux0|mux_umc:auto_generated|_~7              ; |uart_tx|lpm_mux:Mux0|mux_umc:auto_generated|_~7              ; out0             ;
; |uart_tx|lpm_mux:Mux0|mux_umc:auto_generated|_~8              ; |uart_tx|lpm_mux:Mux0|mux_umc:auto_generated|_~8              ; out0             ;
; |uart_tx|lpm_mux:Mux0|mux_umc:auto_generated|result_node[0]~0 ; |uart_tx|lpm_mux:Mux0|mux_umc:auto_generated|result_node[0]~0 ; out0             ;
; |uart_tx|lpm_mux:Mux0|mux_umc:auto_generated|_~9              ; |uart_tx|lpm_mux:Mux0|mux_umc:auto_generated|_~9              ; out0             ;
; |uart_tx|lpm_mux:Mux0|mux_umc:auto_generated|_~10             ; |uart_tx|lpm_mux:Mux0|mux_umc:auto_generated|_~10             ; out0             ;
; |uart_tx|lpm_mux:Mux0|mux_umc:auto_generated|_~11             ; |uart_tx|lpm_mux:Mux0|mux_umc:auto_generated|_~11             ; out0             ;
; |uart_tx|lpm_mux:Mux0|mux_umc:auto_generated|_~12             ; |uart_tx|lpm_mux:Mux0|mux_umc:auto_generated|_~12             ; out0             ;
; |uart_tx|lpm_mux:Mux0|mux_umc:auto_generated|_~13             ; |uart_tx|lpm_mux:Mux0|mux_umc:auto_generated|_~13             ; out0             ;
; |uart_tx|lpm_mux:Mux0|mux_umc:auto_generated|_~14             ; |uart_tx|lpm_mux:Mux0|mux_umc:auto_generated|_~14             ; out0             ;
; |uart_tx|lpm_mux:Mux0|mux_umc:auto_generated|_~15             ; |uart_tx|lpm_mux:Mux0|mux_umc:auto_generated|_~15             ; out0             ;
; |uart_tx|lpm_mux:Mux0|mux_umc:auto_generated|_~16             ; |uart_tx|lpm_mux:Mux0|mux_umc:auto_generated|_~16             ; out0             ;
+---------------------------------------------------------------+---------------------------------------------------------------+------------------+


The following table displays output ports that do not toggle to 0 during simulation.
+--------------------------------------------------------------------------------------------------------------------------------------------------+
; Missing 0-Value Coverage                                                                                                                         ;
+---------------------------------------------------------------+---------------------------------------------------------------+------------------+
; Node Name                                                     ; Output Port Name                                              ; Output Port Type ;
+---------------------------------------------------------------+---------------------------------------------------------------+------------------+
; |uart_tx|shift_reg~2                                          ; |uart_tx|shift_reg~2                                          ; out              ;
; |uart_tx|shift_reg~11                                         ; |uart_tx|shift_reg~11                                         ; out              ;
; |uart_tx|shift_reg~21                                         ; |uart_tx|shift_reg~21                                         ; out              ;
; |uart_tx|shift_reg[9]                                         ; |uart_tx|shift_reg[9]                                         ; regout           ;
; |uart_tx|mode                                                 ; |uart_tx|mode                                                 ; out              ;
; |uart_tx|DWL[0]                                               ; |uart_tx|DWL[0]                                               ; out              ;
; |uart_tx|DWL[1]                                               ; |uart_tx|DWL[1]                                               ; out              ;
; |uart_tx|encoder:h_enc|h3~0                                   ; |uart_tx|encoder:h_enc|h3~0                                   ; out0             ;
; |uart_tx|Decoder0~0                                           ; |uart_tx|Decoder0~0                                           ; out0             ;
; |uart_tx|lpm_mux:Mux6|mux_umc:auto_generated|_~0              ; |uart_tx|lpm_mux:Mux6|mux_umc:auto_generated|_~0              ; out0             ;
; |uart_tx|lpm_mux:Mux6|mux_umc:auto_generated|_~1              ; |uart_tx|lpm_mux:Mux6|mux_umc:auto_generated|_~1              ; out0             ;
; |uart_tx|lpm_mux:Mux6|mux_umc:auto_generated|_~2              ; |uart_tx|lpm_mux:Mux6|mux_umc:auto_generated|_~2              ; out0             ;
; |uart_tx|lpm_mux:Mux6|mux_umc:auto_generated|_~3              ; |uart_tx|lpm_mux:Mux6|mux_umc:auto_generated|_~3              ; out0             ;
; |uart_tx|lpm_mux:Mux6|mux_umc:auto_generated|_~4              ; |uart_tx|lpm_mux:Mux6|mux_umc:auto_generated|_~4              ; out0             ;
; |uart_tx|lpm_mux:Mux6|mux_umc:auto_generated|_~5              ; |uart_tx|lpm_mux:Mux6|mux_umc:auto_generated|_~5              ; out0             ;
; |uart_tx|lpm_mux:Mux6|mux_umc:auto_generated|_~6              ; |uart_tx|lpm_mux:Mux6|mux_umc:auto_generated|_~6              ; out0             ;
; |uart_tx|lpm_mux:Mux6|mux_umc:auto_generated|_~7              ; |uart_tx|lpm_mux:Mux6|mux_umc:auto_generated|_~7              ; out0             ;
; |uart_tx|lpm_mux:Mux6|mux_umc:auto_generated|_~8              ; |uart_tx|lpm_mux:Mux6|mux_umc:auto_generated|_~8              ; out0             ;
; |uart_tx|lpm_mux:Mux6|mux_umc:auto_generated|result_node[0]~0 ; |uart_tx|lpm_mux:Mux6|mux_umc:auto_generated|result_node[0]~0 ; out0             ;
; |uart_tx|lpm_mux:Mux6|mux_umc:auto_generated|_~9              ; |uart_tx|lpm_mux:Mux6|mux_umc:auto_generated|_~9              ; out0             ;
; |uart_tx|lpm_mux:Mux6|mux_umc:auto_generated|_~10             ; |uart_tx|lpm_mux:Mux6|mux_umc:auto_generated|_~10             ; out0             ;
; |uart_tx|lpm_mux:Mux6|mux_umc:auto_generated|_~11             ; |uart_tx|lpm_mux:Mux6|mux_umc:auto_generated|_~11             ; out0             ;
; |uart_tx|lpm_mux:Mux6|mux_umc:auto_generated|_~12             ; |uart_tx|lpm_mux:Mux6|mux_umc:auto_generated|_~12             ; out0             ;
; |uart_tx|lpm_mux:Mux6|mux_umc:auto_generated|_~13             ; |uart_tx|lpm_mux:Mux6|mux_umc:auto_generated|_~13             ; out0             ;
; |uart_tx|lpm_mux:Mux6|mux_umc:auto_generated|_~14             ; |uart_tx|lpm_mux:Mux6|mux_umc:auto_generated|_~14             ; out0             ;
; |uart_tx|lpm_mux:Mux6|mux_umc:auto_generated|_~15             ; |uart_tx|lpm_mux:Mux6|mux_umc:auto_generated|_~15             ; out0             ;
; |uart_tx|lpm_mux:Mux6|mux_umc:auto_generated|_~16             ; |uart_tx|lpm_mux:Mux6|mux_umc:auto_generated|_~16             ; out0             ;
; |uart_tx|lpm_mux:Mux5|mux_umc:auto_generated|_~1              ; |uart_tx|lpm_mux:Mux5|mux_umc:auto_generated|_~1              ; out0             ;
; |uart_tx|lpm_mux:Mux5|mux_umc:auto_generated|_~2              ; |uart_tx|lpm_mux:Mux5|mux_umc:auto_generated|_~2              ; out0             ;
; |uart_tx|lpm_mux:Mux5|mux_umc:auto_generated|_~3              ; |uart_tx|lpm_mux:Mux5|mux_umc:auto_generated|_~3              ; out0             ;
; |uart_tx|lpm_mux:Mux5|mux_umc:auto_generated|_~4              ; |uart_tx|lpm_mux:Mux5|mux_umc:auto_generated|_~4              ; out0             ;
; |uart_tx|lpm_mux:Mux5|mux_umc:auto_generated|_~5              ; |uart_tx|lpm_mux:Mux5|mux_umc:auto_generated|_~5              ; out0             ;
; |uart_tx|lpm_mux:Mux5|mux_umc:auto_generated|_~6              ; |uart_tx|lpm_mux:Mux5|mux_umc:auto_generated|_~6              ; out0             ;
; |uart_tx|lpm_mux:Mux5|mux_umc:auto_generated|_~7              ; |uart_tx|lpm_mux:Mux5|mux_umc:auto_generated|_~7              ; out0             ;
; |uart_tx|lpm_mux:Mux5|mux_umc:auto_generated|_~8              ; |uart_tx|lpm_mux:Mux5|mux_umc:auto_generated|_~8              ; out0             ;
; |uart_tx|lpm_mux:Mux5|mux_umc:auto_generated|result_node[0]~0 ; |uart_tx|lpm_mux:Mux5|mux_umc:auto_generated|result_node[0]~0 ; out0             ;
; |uart_tx|lpm_mux:Mux5|mux_umc:auto_generated|_~9              ; |uart_tx|lpm_mux:Mux5|mux_umc:auto_generated|_~9              ; out0             ;
; |uart_tx|lpm_mux:Mux5|mux_umc:auto_generated|_~10             ; |uart_tx|lpm_mux:Mux5|mux_umc:auto_generated|_~10             ; out0             ;
; |uart_tx|lpm_mux:Mux5|mux_umc:auto_generated|_~11             ; |uart_tx|lpm_mux:Mux5|mux_umc:auto_generated|_~11             ; out0             ;
; |uart_tx|lpm_mux:Mux5|mux_umc:auto_generated|_~12             ; |uart_tx|lpm_mux:Mux5|mux_umc:auto_generated|_~12             ; out0             ;
; |uart_tx|lpm_mux:Mux5|mux_umc:auto_generated|_~13             ; |uart_tx|lpm_mux:Mux5|mux_umc:auto_generated|_~13             ; out0             ;
; |uart_tx|lpm_mux:Mux5|mux_umc:auto_generated|_~14             ; |uart_tx|lpm_mux:Mux5|mux_umc:auto_generated|_~14             ; out0             ;
; |uart_tx|lpm_mux:Mux5|mux_umc:auto_generated|_~15             ; |uart_tx|lpm_mux:Mux5|mux_umc:auto_generated|_~15             ; out0             ;
; |uart_tx|lpm_mux:Mux5|mux_umc:auto_generated|_~16             ; |uart_tx|lpm_mux:Mux5|mux_umc:auto_generated|_~16             ; out0             ;
; |uart_tx|lpm_mux:Mux4|mux_umc:auto_generated|_~1              ; |uart_tx|lpm_mux:Mux4|mux_umc:auto_generated|_~1              ; out0             ;
; |uart_tx|lpm_mux:Mux4|mux_umc:auto_generated|_~2              ; |uart_tx|lpm_mux:Mux4|mux_umc:auto_generated|_~2              ; out0             ;
; |uart_tx|lpm_mux:Mux4|mux_umc:auto_generated|_~3              ; |uart_tx|lpm_mux:Mux4|mux_umc:auto_generated|_~3              ; out0             ;
; |uart_tx|lpm_mux:Mux4|mux_umc:auto_generated|_~4              ; |uart_tx|lpm_mux:Mux4|mux_umc:auto_generated|_~4              ; out0             ;
; |uart_tx|lpm_mux:Mux4|mux_umc:auto_generated|_~5              ; |uart_tx|lpm_mux:Mux4|mux_umc:auto_generated|_~5              ; out0             ;
; |uart_tx|lpm_mux:Mux4|mux_umc:auto_generated|_~6              ; |uart_tx|lpm_mux:Mux4|mux_umc:auto_generated|_~6              ; out0             ;
; |uart_tx|lpm_mux:Mux4|mux_umc:auto_generated|_~7              ; |uart_tx|lpm_mux:Mux4|mux_umc:auto_generated|_~7              ; out0             ;
; |uart_tx|lpm_mux:Mux4|mux_umc:auto_generated|_~8              ; |uart_tx|lpm_mux:Mux4|mux_umc:auto_generated|_~8              ; out0             ;
; |uart_tx|lpm_mux:Mux4|mux_umc:auto_generated|result_node[0]~0 ; |uart_tx|lpm_mux:Mux4|mux_umc:auto_generated|result_node[0]~0 ; out0             ;
; |uart_tx|lpm_mux:Mux4|mux_umc:auto_generated|_~9              ; |uart_tx|lpm_mux:Mux4|mux_umc:auto_generated|_~9              ; out0             ;
; |uart_tx|lpm_mux:Mux4|mux_umc:auto_generated|_~10             ; |uart_tx|lpm_mux:Mux4|mux_umc:auto_generated|_~10             ; out0             ;
; |uart_tx|lpm_mux:Mux4|mux_umc:auto_generated|_~11             ; |uart_tx|lpm_mux:Mux4|mux_umc:auto_generated|_~11             ; out0             ;
; |uart_tx|lpm_mux:Mux4|mux_umc:auto_generated|_~12             ; |uart_tx|lpm_mux:Mux4|mux_umc:auto_generated|_~12             ; out0             ;
; |uart_tx|lpm_mux:Mux4|mux_umc:auto_generated|_~13             ; |uart_tx|lpm_mux:Mux4|mux_umc:auto_generated|_~13             ; out0             ;
; |uart_tx|lpm_mux:Mux4|mux_umc:auto_generated|_~14             ; |uart_tx|lpm_mux:Mux4|mux_umc:auto_generated|_~14             ; out0             ;
; |uart_tx|lpm_mux:Mux4|mux_umc:auto_generated|_~15             ; |uart_tx|lpm_mux:Mux4|mux_umc:auto_generated|_~15             ; out0             ;
; |uart_tx|lpm_mux:Mux4|mux_umc:auto_generated|_~16             ; |uart_tx|lpm_mux:Mux4|mux_umc:auto_generated|_~16             ; out0             ;
; |uart_tx|lpm_mux:Mux3|mux_umc:auto_generated|_~1              ; |uart_tx|lpm_mux:Mux3|mux_umc:auto_generated|_~1              ; out0             ;
; |uart_tx|lpm_mux:Mux3|mux_umc:auto_generated|_~2              ; |uart_tx|lpm_mux:Mux3|mux_umc:auto_generated|_~2              ; out0             ;
; |uart_tx|lpm_mux:Mux3|mux_umc:auto_generated|_~3              ; |uart_tx|lpm_mux:Mux3|mux_umc:auto_generated|_~3              ; out0             ;
; |uart_tx|lpm_mux:Mux3|mux_umc:auto_generated|_~4              ; |uart_tx|lpm_mux:Mux3|mux_umc:auto_generated|_~4              ; out0             ;
; |uart_tx|lpm_mux:Mux3|mux_umc:auto_generated|_~5              ; |uart_tx|lpm_mux:Mux3|mux_umc:auto_generated|_~5              ; out0             ;
; |uart_tx|lpm_mux:Mux3|mux_umc:auto_generated|_~6              ; |uart_tx|lpm_mux:Mux3|mux_umc:auto_generated|_~6              ; out0             ;
; |uart_tx|lpm_mux:Mux3|mux_umc:auto_generated|_~7              ; |uart_tx|lpm_mux:Mux3|mux_umc:auto_generated|_~7              ; out0             ;
; |uart_tx|lpm_mux:Mux3|mux_umc:auto_generated|_~8              ; |uart_tx|lpm_mux:Mux3|mux_umc:auto_generated|_~8              ; out0             ;
; |uart_tx|lpm_mux:Mux3|mux_umc:auto_generated|result_node[0]~0 ; |uart_tx|lpm_mux:Mux3|mux_umc:auto_generated|result_node[0]~0 ; out0             ;
; |uart_tx|lpm_mux:Mux3|mux_umc:auto_generated|_~9              ; |uart_tx|lpm_mux:Mux3|mux_umc:auto_generated|_~9              ; out0             ;
; |uart_tx|lpm_mux:Mux3|mux_umc:auto_generated|_~10             ; |uart_tx|lpm_mux:Mux3|mux_umc:auto_generated|_~10             ; out0             ;
; |uart_tx|lpm_mux:Mux3|mux_umc:auto_generated|_~11             ; |uart_tx|lpm_mux:Mux3|mux_umc:auto_generated|_~11             ; out0             ;
; |uart_tx|lpm_mux:Mux3|mux_umc:auto_generated|_~12             ; |uart_tx|lpm_mux:Mux3|mux_umc:auto_generated|_~12             ; out0             ;
; |uart_tx|lpm_mux:Mux3|mux_umc:auto_generated|_~13             ; |uart_tx|lpm_mux:Mux3|mux_umc:auto_generated|_~13             ; out0             ;
; |uart_tx|lpm_mux:Mux3|mux_umc:auto_generated|_~14             ; |uart_tx|lpm_mux:Mux3|mux_umc:auto_generated|_~14             ; out0             ;
; |uart_tx|lpm_mux:Mux3|mux_umc:auto_generated|_~15             ; |uart_tx|lpm_mux:Mux3|mux_umc:auto_generated|_~15             ; out0             ;
; |uart_tx|lpm_mux:Mux3|mux_umc:auto_generated|_~16             ; |uart_tx|lpm_mux:Mux3|mux_umc:auto_generated|_~16             ; out0             ;
; |uart_tx|lpm_mux:Mux2|mux_umc:auto_generated|_~1              ; |uart_tx|lpm_mux:Mux2|mux_umc:auto_generated|_~1              ; out0             ;
; |uart_tx|lpm_mux:Mux2|mux_umc:auto_generated|_~2              ; |uart_tx|lpm_mux:Mux2|mux_umc:auto_generated|_~2              ; out0             ;
; |uart_tx|lpm_mux:Mux2|mux_umc:auto_generated|_~3              ; |uart_tx|lpm_mux:Mux2|mux_umc:auto_generated|_~3              ; out0             ;
; |uart_tx|lpm_mux:Mux2|mux_umc:auto_generated|_~4              ; |uart_tx|lpm_mux:Mux2|mux_umc:auto_generated|_~4              ; out0             ;
; |uart_tx|lpm_mux:Mux2|mux_umc:auto_generated|_~5              ; |uart_tx|lpm_mux:Mux2|mux_umc:auto_generated|_~5              ; out0             ;
; |uart_tx|lpm_mux:Mux2|mux_umc:auto_generated|_~6              ; |uart_tx|lpm_mux:Mux2|mux_umc:auto_generated|_~6              ; out0             ;
; |uart_tx|lpm_mux:Mux2|mux_umc:auto_generated|_~7              ; |uart_tx|lpm_mux:Mux2|mux_umc:auto_generated|_~7              ; out0             ;
; |uart_tx|lpm_mux:Mux2|mux_umc:auto_generated|_~8              ; |uart_tx|lpm_mux:Mux2|mux_umc:auto_generated|_~8              ; out0             ;
; |uart_tx|lpm_mux:Mux2|mux_umc:auto_generated|result_node[0]~0 ; |uart_tx|lpm_mux:Mux2|mux_umc:auto_generated|result_node[0]~0 ; out0             ;
; |uart_tx|lpm_mux:Mux2|mux_umc:auto_generated|_~9              ; |uart_tx|lpm_mux:Mux2|mux_umc:auto_generated|_~9              ; out0             ;
; |uart_tx|lpm_mux:Mux2|mux_umc:auto_generated|_~10             ; |uart_tx|lpm_mux:Mux2|mux_umc:auto_generated|_~10             ; out0             ;
; |uart_tx|lpm_mux:Mux2|mux_umc:auto_generated|_~11             ; |uart_tx|lpm_mux:Mux2|mux_umc:auto_generated|_~11             ; out0             ;
; |uart_tx|lpm_mux:Mux2|mux_umc:auto_generated|_~12             ; |uart_tx|lpm_mux:Mux2|mux_umc:auto_generated|_~12             ; out0             ;
; |uart_tx|lpm_mux:Mux2|mux_umc:auto_generated|_~13             ; |uart_tx|lpm_mux:Mux2|mux_umc:auto_generated|_~13             ; out0             ;
; |uart_tx|lpm_mux:Mux2|mux_umc:auto_generated|_~14             ; |uart_tx|lpm_mux:Mux2|mux_umc:auto_generated|_~14             ; out0             ;
; |uart_tx|lpm_mux:Mux2|mux_umc:auto_generated|_~15             ; |uart_tx|lpm_mux:Mux2|mux_umc:auto_generated|_~15             ; out0             ;
; |uart_tx|lpm_mux:Mux2|mux_umc:auto_generated|_~16             ; |uart_tx|lpm_mux:Mux2|mux_umc:auto_generated|_~16             ; out0             ;
; |uart_tx|lpm_mux:Mux1|mux_umc:auto_generated|_~1              ; |uart_tx|lpm_mux:Mux1|mux_umc:auto_generated|_~1              ; out0             ;
; |uart_tx|lpm_mux:Mux1|mux_umc:auto_generated|_~2              ; |uart_tx|lpm_mux:Mux1|mux_umc:auto_generated|_~2              ; out0             ;
; |uart_tx|lpm_mux:Mux1|mux_umc:auto_generated|_~3              ; |uart_tx|lpm_mux:Mux1|mux_umc:auto_generated|_~3              ; out0             ;
; |uart_tx|lpm_mux:Mux1|mux_umc:auto_generated|_~4              ; |uart_tx|lpm_mux:Mux1|mux_umc:auto_generated|_~4              ; out0             ;
; |uart_tx|lpm_mux:Mux1|mux_umc:auto_generated|_~5              ; |uart_tx|lpm_mux:Mux1|mux_umc:auto_generated|_~5              ; out0             ;
; |uart_tx|lpm_mux:Mux1|mux_umc:auto_generated|_~6              ; |uart_tx|lpm_mux:Mux1|mux_umc:auto_generated|_~6              ; out0             ;
; |uart_tx|lpm_mux:Mux1|mux_umc:auto_generated|_~7              ; |uart_tx|lpm_mux:Mux1|mux_umc:auto_generated|_~7              ; out0             ;
; |uart_tx|lpm_mux:Mux1|mux_umc:auto_generated|_~8              ; |uart_tx|lpm_mux:Mux1|mux_umc:auto_generated|_~8              ; out0             ;
; |uart_tx|lpm_mux:Mux1|mux_umc:auto_generated|result_node[0]~0 ; |uart_tx|lpm_mux:Mux1|mux_umc:auto_generated|result_node[0]~0 ; out0             ;
; |uart_tx|lpm_mux:Mux1|mux_umc:auto_generated|_~9              ; |uart_tx|lpm_mux:Mux1|mux_umc:auto_generated|_~9              ; out0             ;
; |uart_tx|lpm_mux:Mux1|mux_umc:auto_generated|_~10             ; |uart_tx|lpm_mux:Mux1|mux_umc:auto_generated|_~10             ; out0             ;
; |uart_tx|lpm_mux:Mux1|mux_umc:auto_generated|_~11             ; |uart_tx|lpm_mux:Mux1|mux_umc:auto_generated|_~11             ; out0             ;
; |uart_tx|lpm_mux:Mux1|mux_umc:auto_generated|_~12             ; |uart_tx|lpm_mux:Mux1|mux_umc:auto_generated|_~12             ; out0             ;
; |uart_tx|lpm_mux:Mux1|mux_umc:auto_generated|_~13             ; |uart_tx|lpm_mux:Mux1|mux_umc:auto_generated|_~13             ; out0             ;
; |uart_tx|lpm_mux:Mux1|mux_umc:auto_generated|_~14             ; |uart_tx|lpm_mux:Mux1|mux_umc:auto_generated|_~14             ; out0             ;
; |uart_tx|lpm_mux:Mux1|mux_umc:auto_generated|_~15             ; |uart_tx|lpm_mux:Mux1|mux_umc:auto_generated|_~15             ; out0             ;
; |uart_tx|lpm_mux:Mux1|mux_umc:auto_generated|_~16             ; |uart_tx|lpm_mux:Mux1|mux_umc:auto_generated|_~16             ; out0             ;
; |uart_tx|lpm_mux:Mux0|mux_umc:auto_generated|_~1              ; |uart_tx|lpm_mux:Mux0|mux_umc:auto_generated|_~1              ; out0             ;
; |uart_tx|lpm_mux:Mux0|mux_umc:auto_generated|_~2              ; |uart_tx|lpm_mux:Mux0|mux_umc:auto_generated|_~2              ; out0             ;
; |uart_tx|lpm_mux:Mux0|mux_umc:auto_generated|_~3              ; |uart_tx|lpm_mux:Mux0|mux_umc:auto_generated|_~3              ; out0             ;
; |uart_tx|lpm_mux:Mux0|mux_umc:auto_generated|_~4              ; |uart_tx|lpm_mux:Mux0|mux_umc:auto_generated|_~4              ; out0             ;
; |uart_tx|lpm_mux:Mux0|mux_umc:auto_generated|_~5              ; |uart_tx|lpm_mux:Mux0|mux_umc:auto_generated|_~5              ; out0             ;
; |uart_tx|lpm_mux:Mux0|mux_umc:auto_generated|_~6              ; |uart_tx|lpm_mux:Mux0|mux_umc:auto_generated|_~6              ; out0             ;
; |uart_tx|lpm_mux:Mux0|mux_umc:auto_generated|_~7              ; |uart_tx|lpm_mux:Mux0|mux_umc:auto_generated|_~7              ; out0             ;
; |uart_tx|lpm_mux:Mux0|mux_umc:auto_generated|_~8              ; |uart_tx|lpm_mux:Mux0|mux_umc:auto_generated|_~8              ; out0             ;
; |uart_tx|lpm_mux:Mux0|mux_umc:auto_generated|result_node[0]~0 ; |uart_tx|lpm_mux:Mux0|mux_umc:auto_generated|result_node[0]~0 ; out0             ;
; |uart_tx|lpm_mux:Mux0|mux_umc:auto_generated|_~9              ; |uart_tx|lpm_mux:Mux0|mux_umc:auto_generated|_~9              ; out0             ;
; |uart_tx|lpm_mux:Mux0|mux_umc:auto_generated|_~10             ; |uart_tx|lpm_mux:Mux0|mux_umc:auto_generated|_~10             ; out0             ;
; |uart_tx|lpm_mux:Mux0|mux_umc:auto_generated|_~11             ; |uart_tx|lpm_mux:Mux0|mux_umc:auto_generated|_~11             ; out0             ;
; |uart_tx|lpm_mux:Mux0|mux_umc:auto_generated|_~12             ; |uart_tx|lpm_mux:Mux0|mux_umc:auto_generated|_~12             ; out0             ;
; |uart_tx|lpm_mux:Mux0|mux_umc:auto_generated|_~13             ; |uart_tx|lpm_mux:Mux0|mux_umc:auto_generated|_~13             ; out0             ;
; |uart_tx|lpm_mux:Mux0|mux_umc:auto_generated|_~14             ; |uart_tx|lpm_mux:Mux0|mux_umc:auto_generated|_~14             ; out0             ;
; |uart_tx|lpm_mux:Mux0|mux_umc:auto_generated|_~15             ; |uart_tx|lpm_mux:Mux0|mux_umc:auto_generated|_~15             ; out0             ;
; |uart_tx|lpm_mux:Mux0|mux_umc:auto_generated|_~16             ; |uart_tx|lpm_mux:Mux0|mux_umc:auto_generated|_~16             ; out0             ;
+---------------------------------------------------------------+---------------------------------------------------------------+------------------+


+---------------------+
; Simulator INI Usage ;
+--------+------------+
; Option ; Usage      ;
+--------+------------+


+--------------------+
; Simulator Messages ;
+--------------------+
Info: *******************************************************************
Info: Running Quartus II 64-Bit Simulator
    Info: Version 13.0.1 Build 232 06/12/2013 Service Pack 1 SJ Web Edition
    Info: Processing started: Mon Apr 28 16:20:54 2025
Info: Command: quartus_sim --simulation_results_format=VWF uart -c uart
Info (324025): Using vector source file "D:/SoC/uart/txd.vwf"
Info (310003): Option to preserve fewer signal transitions to reduce memory requirements is enabled
    Info (310004): Simulation has been partitioned into sub-simulations according to the maximum transition count determined by the engine. Transitions from memory will be flushed out to disk at the end of each sub-simulation to reduce memory requirements.
Warning (324036): Found clock-sensitive change during active clock edge at time 150.0 ns on register "|uart_tx|shift_reg[8]"
Warning (324036): Found clock-sensitive change during active clock edge at time 150.0 ns on register "|uart_tx|shift_reg[6]"
Warning (324036): Found clock-sensitive change during active clock edge at time 150.0 ns on register "|uart_tx|shift_reg[4]"
Warning (324036): Found clock-sensitive change during active clock edge at time 150.0 ns on register "|uart_tx|shift_reg[2]"
Warning (324036): Found clock-sensitive change during active clock edge at time 150.0 ns on register "|uart_tx|shift_reg[0]"
Warning (324036): Found clock-sensitive change during active clock edge at time 150.0 ns on register "|uart_tx|bit_cnt[0]"
Warning (324036): Found clock-sensitive change during active clock edge at time 290.0 ns on register "|uart_tx|shift_reg[7]"
Warning (324036): Found clock-sensitive change during active clock edge at time 290.0 ns on register "|uart_tx|shift_reg[5]"
Warning (324036): Found clock-sensitive change during active clock edge at time 290.0 ns on register "|uart_tx|shift_reg[3]"
Warning (324036): Found clock-sensitive change during active clock edge at time 290.0 ns on register "|uart_tx|shift_reg[1]"
Warning (324036): Found clock-sensitive change during active clock edge at time 290.0 ns on register "|uart_tx|bit_cnt[1]"
Warning (324036): Found clock-sensitive change during active clock edge at time 450.0 ns on register "|uart_tx|bit_cnt[2]"
Warning (324036): Found clock-sensitive change during active clock edge at time 670.0 ns on register "|uart_tx|bit_cnt[3]"
Warning (324036): Found clock-sensitive change during active clock edge at time 910.0 ns on register "|uart_tx|txrdy~reg0"
Warning (324036): Found clock-sensitive change during active clock edge at time 910.0 ns on register "|uart_tx|sending"
Info (310002): Simulation partitioned into 1 sub-simulations
Info (328053): Simulation coverage is      26.86 %
Info (328052): Number of transitions in simulation is 664
Info (324045): Vector file uart.sim.vwf is saved in VWF text format. You can compress it into CVWF format in order to reduce file size. For more details please refer to the Quartus II Help.
Info: Quartus II 64-Bit Simulator was successful. 0 errors, 15 warnings
    Info: Peak virtual memory: 4446 megabytes
    Info: Processing ended: Mon Apr 28 16:20:54 2025
    Info: Elapsed time: 00:00:00
    Info: Total CPU time (on all processors): 00:00:00


